nohup: ignoring input

Processing RunMeCCCohDaughters.C...
(OneCCCohDaughters &) @0x7fc438e87000
nevents from matched = 37834
Event = 0
Event = 1000
Event = 2000
Event = 3000
Event = 4000
Event = 5000
Event = 6000
Event = 7000
Event = 8000
Event = 9000
Event = 10000
Event = 11000
Event = 12000
Event = 13000
Event = 14000
Event = 15000
Event = 16000
Event = 17000
Event = 18000
Event = 19000
Event = 20000
Event = 21000
Event = 22000
Event = 23000
Event = 24000
Event = 25000
Event = 26000
Event = 27000
Event = 28000
Event = 29000
Event = 30000
Event = 31000
Event = 32000
Event = 33000
Event = 34000
Event = 35000
Event = 36000
Event = 37000
Event = 38000
Event = 39000
Event = 40000
Event = 41000
Event = 42000
Event = 43000
Event = 44000
Event = 45000
Event = 46000
Event = 47000
Event = 48000
Event = 49000
Event = 50000
Event = 51000
Event = 52000
Event = 53000
Event = 54000
Matched an Event this many times = 42417
Number that Passed Selection = 20832
