
Processing RunMeCCCoh.C...
(NewAnalysisCCCoh &) @0x7ff51c597000
nentries = 98831
Event = 0
CCCoh ConeAngle = 4.47708
Exactly 2 CCCoh ConeAngle = 4.47708
Cosmic ConeAngle = 18.0606
Exactly 2 Cosmic ConeAngle = 18.0606
CCCoh ConeAngle = 11.9439
Exactly 2 CCCoh ConeAngle = 11.9439
Cosmic ConeAngle = 34.0057
Exactly 2 Cosmic ConeAngle = 34.0057
CCCoh ConeAngle = 7.62348
Exactly 2 CCCoh ConeAngle = 7.62348
Cosmic ConeAngle = 14.9635
Exactly 2 Cosmic ConeAngle = 14.9635
CCCoh ConeAngle = 6.49118
Exactly 2 CCCoh ConeAngle = 6.49118
CCCoh ConeAngle = 4.82431
Exactly 2 CCCoh ConeAngle = 4.82431
Cosmic ConeAngle = 5.71283
CCCoh ConeAngle = 20.2568
Event = 10
Cosmic ConeAngle = 12.1378
Exactly 2 Cosmic ConeAngle = 12.1378
CCCoh ConeAngle = 4.72707
Exactly 2 CCCoh ConeAngle = 4.72707
Event = 20
Cosmic ConeAngle = 34.2708
Exactly 2 Cosmic ConeAngle = 34.2708
CCCoh ConeAngle = 20.8115
Exactly 2 CCCoh ConeAngle = 20.8115
Event = 30
Cosmic ConeAngle = 4.24664
CCCoh ConeAngle = 0.960177
Cosmic ConeAngle = 16.2776
Exactly 2 Cosmic ConeAngle = 16.2776
CCCoh ConeAngle = 11.7611
Exactly 2 CCCoh ConeAngle = 11.7611
Event = 40
Cosmic ConeAngle = 36.9626
Exactly 2 Cosmic ConeAngle = 36.9626
CCCoh ConeAngle = 3.0224
Exactly 2 CCCoh ConeAngle = 3.0224
Cosmic ConeAngle = 8.2044
Exactly 2 Cosmic ConeAngle = 8.2044
CCCoh ConeAngle = 9.42583
Exactly 2 CCCoh ConeAngle = 9.42583
Cosmic ConeAngle = 3.86101
Exactly 2 Cosmic ConeAngle = 3.86101
CCCoh ConeAngle = 19.6478
Exactly 2 CCCoh ConeAngle = 19.6478
Cosmic ConeAngle = 1.56466
Exactly 2 Cosmic ConeAngle = 1.56466
CCCoh ConeAngle = 9.29964
Exactly 2 CCCoh ConeAngle = 9.29964
Cosmic ConeAngle = 37.7275
Exactly 2 Cosmic ConeAngle = 37.7275
CCCoh ConeAngle = 5.96732
Exactly 2 CCCoh ConeAngle = 5.96732
Event = 50
CCCoh ConeAngle = 23.1619
Exactly 2 CCCoh ConeAngle = 23.1619
Cosmic ConeAngle = 9.11584
Exactly 2 Cosmic ConeAngle = 9.11584
CCCoh ConeAngle = 1.63432
Exactly 2 CCCoh ConeAngle = 1.63432
Cosmic ConeAngle = 2.27835
Exactly 2 Cosmic ConeAngle = 2.27835
CCCoh ConeAngle = 8.40735
Exactly 2 CCCoh ConeAngle = 8.40735
Event = 60
CCCoh ConeAngle = 14.6192
Exactly 2 CCCoh ConeAngle = 14.6192
Cosmic ConeAngle = 19.8601
Exactly 2 Cosmic ConeAngle = 19.8601
CCCoh ConeAngle = 7.11494
Exactly 2 CCCoh ConeAngle = 7.11494
Cosmic ConeAngle = 26.0858
CCCoh ConeAngle = 2.82213
Event = 70
Cosmic ConeAngle = 35.1174
Exactly 2 Cosmic ConeAngle = 35.1174
CCCoh ConeAngle = 6.56537
Exactly 2 CCCoh ConeAngle = 6.56537
Cosmic ConeAngle = 10.7727
Exactly 2 Cosmic ConeAngle = 10.7727
Cosmic ConeAngle = 27.1063
Exactly 2 Cosmic ConeAngle = 27.1063
CCCoh ConeAngle = 3.30423
Exactly 2 CCCoh ConeAngle = 3.30423
Cosmic ConeAngle = 20.589
Exactly 2 Cosmic ConeAngle = 20.589
CCCoh ConeAngle = 2.23755
Exactly 2 CCCoh ConeAngle = 2.23755
Event = 80
Cosmic ConeAngle = 28.9974
Exactly 2 Cosmic ConeAngle = 28.9974
CCCoh ConeAngle = 19.9255
Exactly 2 CCCoh ConeAngle = 19.9255
Cosmic ConeAngle = 35.7392
Exactly 2 Cosmic ConeAngle = 35.7392
CCCoh ConeAngle = 10.4821
Exactly 2 CCCoh ConeAngle = 10.4821
Cosmic ConeAngle = 11.0809
Exactly 2 Cosmic ConeAngle = 11.0809
CCCoh ConeAngle = 5.9771
Exactly 2 CCCoh ConeAngle = 5.9771
Event = 90
CCCoh ConeAngle = 3.13423
Exactly 2 CCCoh ConeAngle = 3.13423
Cosmic ConeAngle = 13.5982
Exactly 2 Cosmic ConeAngle = 13.5982
CCCoh ConeAngle = 3.11998
Exactly 2 CCCoh ConeAngle = 3.11998
Cosmic ConeAngle = 28.8055
Exactly 2 Cosmic ConeAngle = 28.8055
CCCoh ConeAngle = 5.69458
Exactly 2 CCCoh ConeAngle = 5.69458
Cosmic ConeAngle = 9.60115
Exactly 2 Cosmic ConeAngle = 9.60115
CCCoh ConeAngle = 8.17155
Exactly 2 CCCoh ConeAngle = 8.17155
Cosmic ConeAngle = 9.68454
Exactly 2 Cosmic ConeAngle = 9.68454
CCCoh ConeAngle = 2.68665
Exactly 2 CCCoh ConeAngle = 2.68665
Event = 100
CCCoh ConeAngle = 4.1859
Exactly 2 CCCoh ConeAngle = 4.1859
Cosmic ConeAngle = 7.05184
Exactly 2 Cosmic ConeAngle = 7.05184
CCCoh ConeAngle = 30.835
Exactly 2 CCCoh ConeAngle = 30.835
Event = 110
Cosmic ConeAngle = 12.7355
Exactly 2 Cosmic ConeAngle = 12.7355
CCCoh ConeAngle = 10.2834
Exactly 2 CCCoh ConeAngle = 10.2834
Cosmic ConeAngle = 14.0799
CCCoh ConeAngle = 16.4582
Cosmic ConeAngle = 37.3249
Exactly 2 Cosmic ConeAngle = 37.3249
CCCoh ConeAngle = 8.46524
Exactly 2 CCCoh ConeAngle = 8.46524
Event = 120
Cosmic ConeAngle = 29.6174
Exactly 2 Cosmic ConeAngle = 29.6174
CCCoh ConeAngle = 21.4739
Exactly 2 CCCoh ConeAngle = 21.4739
Cosmic ConeAngle = 6.39518
Exactly 2 Cosmic ConeAngle = 6.39518
CCCoh ConeAngle = 2.75134
Exactly 2 CCCoh ConeAngle = 2.75134
CCCoh ConeAngle = 10.9627
Exactly 2 CCCoh ConeAngle = 10.9627
Cosmic ConeAngle = 13.4968
Exactly 2 Cosmic ConeAngle = 13.4968
CCCoh ConeAngle = 5.66649
Exactly 2 CCCoh ConeAngle = 5.66649
Event = 130
Cosmic ConeAngle = 13.085
Exactly 2 Cosmic ConeAngle = 13.085
CCCoh ConeAngle = 23.8319
Exactly 2 CCCoh ConeAngle = 23.8319
Cosmic ConeAngle = 12.7008
Exactly 2 Cosmic ConeAngle = 12.7008
CCCoh ConeAngle = 2.84336
Exactly 2 CCCoh ConeAngle = 2.84336
Cosmic ConeAngle = 32.6538
Exactly 2 Cosmic ConeAngle = 32.6538
CCCoh ConeAngle = 15.7219
Exactly 2 CCCoh ConeAngle = 15.7219
Cosmic ConeAngle = 7.41453
Exactly 2 Cosmic ConeAngle = 7.41453
CCCoh ConeAngle = 3.62172
Exactly 2 CCCoh ConeAngle = 3.62172
Event = 140
CCCoh ConeAngle = 2.62998
Cosmic ConeAngle = 6.99576
Exactly 2 Cosmic ConeAngle = 6.99576
CCCoh ConeAngle = 5.3845
Exactly 2 CCCoh ConeAngle = 5.3845
Event = 150
Cosmic ConeAngle = 11.1311
Exactly 2 Cosmic ConeAngle = 11.1311
CCCoh ConeAngle = 6.94288
Exactly 2 CCCoh ConeAngle = 6.94288
CCCoh ConeAngle = 9.20972
Exactly 2 CCCoh ConeAngle = 9.20972
Event = 160
Cosmic ConeAngle = 24.745
Exactly 2 Cosmic ConeAngle = 24.745
CCCoh ConeAngle = 8.49597
Exactly 2 CCCoh ConeAngle = 8.49597
Cosmic ConeAngle = 11.6774
Exactly 2 Cosmic ConeAngle = 11.6774
Event = 170
Cosmic ConeAngle = 39.7911
Exactly 2 Cosmic ConeAngle = 39.7911
CCCoh ConeAngle = 6.54334
Exactly 2 CCCoh ConeAngle = 6.54334
Cosmic ConeAngle = 14.3614
Exactly 2 Cosmic ConeAngle = 14.3614
CCCoh ConeAngle = 5.7808
Exactly 2 CCCoh ConeAngle = 5.7808
Cosmic ConeAngle = 35.5818
CCCoh ConeAngle = 1.79485
Event = 180
Cosmic ConeAngle = 5.91981
CCCoh ConeAngle = 9.9734
Cosmic ConeAngle = 23.7992
Exactly 2 Cosmic ConeAngle = 23.7992
CCCoh ConeAngle = 19.8537
Exactly 2 CCCoh ConeAngle = 19.8537
CCCoh ConeAngle = 2.25835
Exactly 2 CCCoh ConeAngle = 2.25835
Cosmic ConeAngle = 23.3179
Exactly 2 Cosmic ConeAngle = 23.3179
CCCoh ConeAngle = 8.06115
Exactly 2 CCCoh ConeAngle = 8.06115
Event = 190
Cosmic ConeAngle = 36.0933
Exactly 2 Cosmic ConeAngle = 36.0933
CCCoh ConeAngle = 12.5974
Exactly 2 CCCoh ConeAngle = 12.5974
Cosmic ConeAngle = 3.49966
Exactly 2 Cosmic ConeAngle = 3.49966
CCCoh ConeAngle = 4.03913
Exactly 2 CCCoh ConeAngle = 4.03913
Cosmic ConeAngle = 4.75416
CCCoh ConeAngle = 4.55689
Event = 200
Cosmic ConeAngle = 23.1066
Exactly 2 Cosmic ConeAngle = 23.1066
CCCoh ConeAngle = 6.88252
Exactly 2 CCCoh ConeAngle = 6.88252
Cosmic ConeAngle = 36.8415
Exactly 2 Cosmic ConeAngle = 36.8415
CCCoh ConeAngle = 5.09396
Exactly 2 CCCoh ConeAngle = 5.09396
Cosmic ConeAngle = 22.2251
Exactly 2 Cosmic ConeAngle = 22.2251
CCCoh ConeAngle = 4.79534
Exactly 2 CCCoh ConeAngle = 4.79534
Cosmic ConeAngle = 8.99692
Exactly 2 Cosmic ConeAngle = 8.99692
CCCoh ConeAngle = 17.0514
Exactly 2 CCCoh ConeAngle = 17.0514
Event = 210
Cosmic ConeAngle = 3.95565
CCCoh ConeAngle = 10.775
Cosmic ConeAngle = 18.8881
Exactly 2 Cosmic ConeAngle = 18.8881
Event = 220
CCCoh ConeAngle = 7.85819
Exactly 2 CCCoh ConeAngle = 7.85819
CCCoh ConeAngle = 2.18881
Exactly 2 CCCoh ConeAngle = 2.18881
CCCoh ConeAngle = 6.87959
Exactly 2 CCCoh ConeAngle = 6.87959
Event = 230
Cosmic ConeAngle = 5.29623
Exactly 2 Cosmic ConeAngle = 5.29623
CCCoh ConeAngle = 8.89042
Exactly 2 CCCoh ConeAngle = 8.89042
Cosmic ConeAngle = 0.786536
Exactly 2 Cosmic ConeAngle = 0.786536
CCCoh ConeAngle = 1.66702
Exactly 2 CCCoh ConeAngle = 1.66702
Cosmic ConeAngle = 19.5523
Exactly 2 Cosmic ConeAngle = 19.5523
CCCoh ConeAngle = 13.1122
Exactly 2 CCCoh ConeAngle = 13.1122
Cosmic ConeAngle = 5.93104
Exactly 2 Cosmic ConeAngle = 5.93104
CCCoh ConeAngle = 9.9487
Exactly 2 CCCoh ConeAngle = 9.9487
Event = 240
Cosmic ConeAngle = 6.01293
Exactly 2 Cosmic ConeAngle = 6.01293
CCCoh ConeAngle = 11.2841
Exactly 2 CCCoh ConeAngle = 11.2841
Cosmic ConeAngle = 19.8996
Exactly 2 Cosmic ConeAngle = 19.8996
CCCoh ConeAngle = 11.0835
Exactly 2 CCCoh ConeAngle = 11.0835
Cosmic ConeAngle = 10.7481
Exactly 2 Cosmic ConeAngle = 10.7481
CCCoh ConeAngle = 3.48554
Exactly 2 CCCoh ConeAngle = 3.48554
Cosmic ConeAngle = 11.0223
Exactly 2 Cosmic ConeAngle = 11.0223
CCCoh ConeAngle = 2.83465
Exactly 2 CCCoh ConeAngle = 2.83465
Event = 250
Cosmic ConeAngle = 13.9565
Exactly 2 Cosmic ConeAngle = 13.9565
CCCoh ConeAngle = 1.244
Exactly 2 CCCoh ConeAngle = 1.244
Event = 260
Cosmic ConeAngle = 38.1361
Event = 270
CCCoh ConeAngle = 9.26013
Exactly 2 CCCoh ConeAngle = 9.26013
Cosmic ConeAngle = 7.59186
Exactly 2 Cosmic ConeAngle = 7.59186
CCCoh ConeAngle = 15.8946
Exactly 2 CCCoh ConeAngle = 15.8946
Cosmic ConeAngle = 9.03947
Exactly 2 Cosmic ConeAngle = 9.03947
CCCoh ConeAngle = 3.77175
Exactly 2 CCCoh ConeAngle = 3.77175
Event = 280
CCCoh ConeAngle = 13.2706
Exactly 2 CCCoh ConeAngle = 13.2706
Cosmic ConeAngle = 0.317975
Exactly 2 Cosmic ConeAngle = 0.317975
CCCoh ConeAngle = 8.60257
Exactly 2 CCCoh ConeAngle = 8.60257
Event = 290
Cosmic ConeAngle = 4.73169
CCCoh ConeAngle = 7.2733
Cosmic ConeAngle = 1.65559
Exactly 2 Cosmic ConeAngle = 1.65559
CCCoh ConeAngle = 8.60845
Exactly 2 CCCoh ConeAngle = 8.60845
Cosmic ConeAngle = 2.87703
Exactly 2 Cosmic ConeAngle = 2.87703
CCCoh ConeAngle = 5.85254
Exactly 2 CCCoh ConeAngle = 5.85254
Cosmic ConeAngle = 37.3609
Exactly 2 Cosmic ConeAngle = 37.3609
CCCoh ConeAngle = 14.6221
Exactly 2 CCCoh ConeAngle = 14.6221
Event = 300
Cosmic ConeAngle = 3.49634
Exactly 2 Cosmic ConeAngle = 3.49634
CCCoh ConeAngle = 6.081
Exactly 2 CCCoh ConeAngle = 6.081
Cosmic ConeAngle = 10.3539
Exactly 2 Cosmic ConeAngle = 10.3539
CCCoh ConeAngle = 6.19519
Exactly 2 CCCoh ConeAngle = 6.19519
Cosmic ConeAngle = 20.9347
Exactly 2 Cosmic ConeAngle = 20.9347
CCCoh ConeAngle = 3.81989
Exactly 2 CCCoh ConeAngle = 3.81989
Cosmic ConeAngle = 5.73035
Exactly 2 Cosmic ConeAngle = 5.73035
CCCoh ConeAngle = 6.12148
Exactly 2 CCCoh ConeAngle = 6.12148
Cosmic ConeAngle = 14.7544
Exactly 2 Cosmic ConeAngle = 14.7544
CCCoh ConeAngle = 8.86984
Exactly 2 CCCoh ConeAngle = 8.86984
Event = 310
Cosmic ConeAngle = 38.8652
CCCoh ConeAngle = 7.76514
Cosmic ConeAngle = 20.2335
Exactly 2 Cosmic ConeAngle = 20.2335
CCCoh ConeAngle = 16.9434
Exactly 2 CCCoh ConeAngle = 16.9434
Cosmic ConeAngle = 35.7397
Exactly 2 Cosmic ConeAngle = 35.7397
CCCoh ConeAngle = 3.46552
Exactly 2 CCCoh ConeAngle = 3.46552
Cosmic ConeAngle = 17.8243
Exactly 2 Cosmic ConeAngle = 17.8243
CCCoh ConeAngle = 8.1773
Exactly 2 CCCoh ConeAngle = 8.1773
Event = 320
Cosmic ConeAngle = 22.5489
Exactly 2 Cosmic ConeAngle = 22.5489
CCCoh ConeAngle = 6.73038
Exactly 2 CCCoh ConeAngle = 6.73038
Event = 330
Cosmic ConeAngle = 18.9877
Exactly 2 Cosmic ConeAngle = 18.9877
CCCoh ConeAngle = 4.30671
Exactly 2 CCCoh ConeAngle = 4.30671
CCCoh ConeAngle = 10.2381
Exactly 2 CCCoh ConeAngle = 10.2381
Cosmic ConeAngle = 20.9132
Exactly 2 Cosmic ConeAngle = 20.9132
CCCoh ConeAngle = 9.42992
Exactly 2 CCCoh ConeAngle = 9.42992
Event = 340
Cosmic ConeAngle = 21.6542
Exactly 2 Cosmic ConeAngle = 21.6542
CCCoh ConeAngle = 8.34173
Exactly 2 CCCoh ConeAngle = 8.34173
Cosmic ConeAngle = 5.65704
Exactly 2 Cosmic ConeAngle = 5.65704
CCCoh ConeAngle = 10.5947
Exactly 2 CCCoh ConeAngle = 10.5947
Cosmic ConeAngle = 7.773
Exactly 2 Cosmic ConeAngle = 7.773
CCCoh ConeAngle = 6.06295
Exactly 2 CCCoh ConeAngle = 6.06295
Event = 350
Cosmic ConeAngle = 13.8631
Exactly 2 Cosmic ConeAngle = 13.8631
CCCoh ConeAngle = 6.21179
Exactly 2 CCCoh ConeAngle = 6.21179
Cosmic ConeAngle = 30.7678
Exactly 2 Cosmic ConeAngle = 30.7678
CCCoh ConeAngle = 4.90726
Exactly 2 CCCoh ConeAngle = 4.90726
Event = 360
Cosmic ConeAngle = 18.2727
Exactly 2 Cosmic ConeAngle = 18.2727
CCCoh ConeAngle = 12.2732
Exactly 2 CCCoh ConeAngle = 12.2732
Cosmic ConeAngle = 3.42239
Exactly 2 Cosmic ConeAngle = 3.42239
CCCoh ConeAngle = 14.9381
Exactly 2 CCCoh ConeAngle = 14.9381
Cosmic ConeAngle = 37.3627
Exactly 2 Cosmic ConeAngle = 37.3627
CCCoh ConeAngle = 1.06901
Exactly 2 CCCoh ConeAngle = 1.06901
Cosmic ConeAngle = 18.5733
Exactly 2 Cosmic ConeAngle = 18.5733
CCCoh ConeAngle = 8.61928
Exactly 2 CCCoh ConeAngle = 8.61928
Event = 370
Cosmic ConeAngle = 39.0942
Exactly 2 Cosmic ConeAngle = 39.0942
CCCoh ConeAngle = 2.43933
Exactly 2 CCCoh ConeAngle = 2.43933
Cosmic ConeAngle = 15.1537
Exactly 2 Cosmic ConeAngle = 15.1537
CCCoh ConeAngle = 14.2665
Exactly 2 CCCoh ConeAngle = 14.2665
Event = 380
Cosmic ConeAngle = 28.8442
Exactly 2 Cosmic ConeAngle = 28.8442
CCCoh ConeAngle = 16.5661
Exactly 2 CCCoh ConeAngle = 16.5661
Cosmic ConeAngle = 19.9266
Exactly 2 Cosmic ConeAngle = 19.9266
CCCoh ConeAngle = 9.20994
Exactly 2 CCCoh ConeAngle = 9.20994
CCCoh ConeAngle = 11.1103
Exactly 2 CCCoh ConeAngle = 11.1103
Cosmic ConeAngle = 19.898
Exactly 2 Cosmic ConeAngle = 19.898
CCCoh ConeAngle = 15.8132
Exactly 2 CCCoh ConeAngle = 15.8132
Event = 390
Cosmic ConeAngle = 9.87509
Exactly 2 Cosmic ConeAngle = 9.87509
CCCoh ConeAngle = 10.2163
Exactly 2 CCCoh ConeAngle = 10.2163
Cosmic ConeAngle = 15.5119
Exactly 2 Cosmic ConeAngle = 15.5119
CCCoh ConeAngle = 3.6171
Exactly 2 CCCoh ConeAngle = 3.6171
Event = 400
CCCoh ConeAngle = 1.55876
Exactly 2 CCCoh ConeAngle = 1.55876
Cosmic ConeAngle = 28.3933
CCCoh ConeAngle = 2.8135
Cosmic ConeAngle = 12.933
Exactly 2 Cosmic ConeAngle = 12.933
CCCoh ConeAngle = 5.90911
Exactly 2 CCCoh ConeAngle = 5.90911
Event = 410
CCCoh ConeAngle = 10.1092
Exactly 2 CCCoh ConeAngle = 10.1092
Cosmic ConeAngle = 15.4565
Exactly 2 Cosmic ConeAngle = 15.4565
CCCoh ConeAngle = 6.15211
Exactly 2 CCCoh ConeAngle = 6.15211
Cosmic ConeAngle = 4.72345
Exactly 2 Cosmic ConeAngle = 4.72345
CCCoh ConeAngle = 10.3972
Exactly 2 CCCoh ConeAngle = 10.3972
CCCoh ConeAngle = 2.26688
Exactly 2 CCCoh ConeAngle = 2.26688
Event = 420
Cosmic ConeAngle = 10.4469
Exactly 2 Cosmic ConeAngle = 10.4469
CCCoh ConeAngle = 12.2239
Exactly 2 CCCoh ConeAngle = 12.2239
Cosmic ConeAngle = 21.5394
Exactly 2 Cosmic ConeAngle = 21.5394
CCCoh ConeAngle = 7.8865
Exactly 2 CCCoh ConeAngle = 7.8865
Event = 430
Cosmic ConeAngle = 18.7675
Exactly 2 Cosmic ConeAngle = 18.7675
CCCoh ConeAngle = 9.09407
Exactly 2 CCCoh ConeAngle = 9.09407
Cosmic ConeAngle = 11.0423
Exactly 2 Cosmic ConeAngle = 11.0423
CCCoh ConeAngle = 2.46629
Exactly 2 CCCoh ConeAngle = 2.46629
Event = 440
Cosmic ConeAngle = 13.6534
Exactly 2 Cosmic ConeAngle = 13.6534
CCCoh ConeAngle = 6.37258
Exactly 2 CCCoh ConeAngle = 6.37258
Cosmic ConeAngle = 8.95498
Exactly 2 Cosmic ConeAngle = 8.95498
Cosmic ConeAngle = 38.177
Exactly 2 Cosmic ConeAngle = 38.177
CCCoh ConeAngle = 11.0322
Exactly 2 CCCoh ConeAngle = 11.0322
Cosmic ConeAngle = 12.2413
Exactly 2 Cosmic ConeAngle = 12.2413
CCCoh ConeAngle = 5.73532
Exactly 2 CCCoh ConeAngle = 5.73532
Cosmic ConeAngle = 14.0268
Exactly 2 Cosmic ConeAngle = 14.0268
Cosmic ConeAngle = 34.1591
Exactly 2 Cosmic ConeAngle = 34.1591
CCCoh ConeAngle = 8.0413
Exactly 2 CCCoh ConeAngle = 8.0413
Cosmic ConeAngle = 9.73898
Exactly 2 Cosmic ConeAngle = 9.73898
CCCoh ConeAngle = 11.4283
Exactly 2 CCCoh ConeAngle = 11.4283
Event = 450
Cosmic ConeAngle = 37.09
Exactly 2 Cosmic ConeAngle = 37.09
CCCoh ConeAngle = 0.732674
Exactly 2 CCCoh ConeAngle = 0.732674
Cosmic ConeAngle = 32.8547
Exactly 2 Cosmic ConeAngle = 32.8547
CCCoh ConeAngle = 2.51468
Exactly 2 CCCoh ConeAngle = 2.51468
Cosmic ConeAngle = 6.76431
Exactly 2 Cosmic ConeAngle = 6.76431
CCCoh ConeAngle = 15.1801
Exactly 2 CCCoh ConeAngle = 15.1801
Cosmic ConeAngle = 6.52209
Exactly 2 Cosmic ConeAngle = 6.52209
CCCoh ConeAngle = 20.5833
Exactly 2 CCCoh ConeAngle = 20.5833
Event = 460
Cosmic ConeAngle = 5.54409
Exactly 2 Cosmic ConeAngle = 5.54409
CCCoh ConeAngle = 3.38082
Exactly 2 CCCoh ConeAngle = 3.38082
Event = 470
CCCoh ConeAngle = 3.01946
Exactly 2 CCCoh ConeAngle = 3.01946
CCCoh ConeAngle = 2.82597
Exactly 2 CCCoh ConeAngle = 2.82597
Event = 480
Cosmic ConeAngle = 7.26791
Exactly 2 Cosmic ConeAngle = 7.26791
CCCoh ConeAngle = 6.59514
Exactly 2 CCCoh ConeAngle = 6.59514
Cosmic ConeAngle = 2.1876
Exactly 2 Cosmic ConeAngle = 2.1876
CCCoh ConeAngle = 9.39469
Exactly 2 CCCoh ConeAngle = 9.39469
Event = 490
Cosmic ConeAngle = 11.0833
Exactly 2 Cosmic ConeAngle = 11.0833
CCCoh ConeAngle = 0.975283
Exactly 2 CCCoh ConeAngle = 0.975283
Cosmic ConeAngle = 24.2385
Exactly 2 Cosmic ConeAngle = 24.2385
CCCoh ConeAngle = 12.0784
Exactly 2 CCCoh ConeAngle = 12.0784
Cosmic ConeAngle = 38.7677
Exactly 2 Cosmic ConeAngle = 38.7677
CCCoh ConeAngle = 3.24793
Exactly 2 CCCoh ConeAngle = 3.24793
Cosmic ConeAngle = 29.7734
Exactly 2 Cosmic ConeAngle = 29.7734
CCCoh ConeAngle = 5.41314
Exactly 2 CCCoh ConeAngle = 5.41314
Event = 500
Cosmic ConeAngle = 2.91257
Exactly 2 Cosmic ConeAngle = 2.91257
CCCoh ConeAngle = 13.6762
Exactly 2 CCCoh ConeAngle = 13.6762
CCCoh ConeAngle = 10.9017
Exactly 2 CCCoh ConeAngle = 10.9017
Event = 510
Cosmic ConeAngle = 32.6546
Exactly 2 Cosmic ConeAngle = 32.6546
CCCoh ConeAngle = 10.7208
Exactly 2 CCCoh ConeAngle = 10.7208
Cosmic ConeAngle = 17.5137
CCCoh ConeAngle = 7.39512
CCCoh ConeAngle = 1.3868
Exactly 2 CCCoh ConeAngle = 1.3868
Cosmic ConeAngle = 34.9453
Exactly 2 Cosmic ConeAngle = 34.9453
CCCoh ConeAngle = 5.78699
Exactly 2 CCCoh ConeAngle = 5.78699
Event = 520
CCCoh ConeAngle = 12.8233
Exactly 2 CCCoh ConeAngle = 12.8233
CCCoh ConeAngle = 10.2788
CCCoh ConeAngle = 5.08733
Exactly 2 CCCoh ConeAngle = 5.08733
Event = 530
Cosmic ConeAngle = 38.6952
Exactly 2 Cosmic ConeAngle = 38.6952
CCCoh ConeAngle = 10.2656
Exactly 2 CCCoh ConeAngle = 10.2656
Cosmic ConeAngle = 10.5559
Exactly 2 Cosmic ConeAngle = 10.5559
CCCoh ConeAngle = 22.5575
Exactly 2 CCCoh ConeAngle = 22.5575
Event = 540
Cosmic ConeAngle = 7.73703
Exactly 2 Cosmic ConeAngle = 7.73703
CCCoh ConeAngle = 7.05709
Exactly 2 CCCoh ConeAngle = 7.05709
Event = 550
Cosmic ConeAngle = 21.887
Exactly 2 Cosmic ConeAngle = 21.887
CCCoh ConeAngle = 14.6446
Exactly 2 CCCoh ConeAngle = 14.6446
Cosmic ConeAngle = 17.5262
Exactly 2 Cosmic ConeAngle = 17.5262
CCCoh ConeAngle = 16.3761
Exactly 2 CCCoh ConeAngle = 16.3761
Cosmic ConeAngle = 25.4164
CCCoh ConeAngle = 6.36767
Event = 560
Cosmic ConeAngle = 5.75455
Exactly 2 Cosmic ConeAngle = 5.75455
Cosmic ConeAngle = 6.40482
Exactly 2 Cosmic ConeAngle = 6.40482
CCCoh ConeAngle = 9.61203
Exactly 2 CCCoh ConeAngle = 9.61203
Cosmic ConeAngle = 10.3298
Exactly 2 Cosmic ConeAngle = 10.3298
CCCoh ConeAngle = 3.89532
Exactly 2 CCCoh ConeAngle = 3.89532
CCCoh ConeAngle = 3.12243
Exactly 2 CCCoh ConeAngle = 3.12243
Cosmic ConeAngle = 25.8856
Exactly 2 Cosmic ConeAngle = 25.8856
CCCoh ConeAngle = 9.39634
Exactly 2 CCCoh ConeAngle = 9.39634
Event = 570
Cosmic ConeAngle = 4.1922
Exactly 2 Cosmic ConeAngle = 4.1922
CCCoh ConeAngle = 3.15258
Exactly 2 CCCoh ConeAngle = 3.15258
Cosmic ConeAngle = 18.2927
Exactly 2 Cosmic ConeAngle = 18.2927
CCCoh ConeAngle = 5.84267
Exactly 2 CCCoh ConeAngle = 5.84267
Cosmic ConeAngle = 2.35431
Exactly 2 Cosmic ConeAngle = 2.35431
CCCoh ConeAngle = 9.23048
Exactly 2 CCCoh ConeAngle = 9.23048
Event = 580
Cosmic ConeAngle = 36.1894
Exactly 2 Cosmic ConeAngle = 36.1894
CCCoh ConeAngle = 7.80923
Exactly 2 CCCoh ConeAngle = 7.80923
Cosmic ConeAngle = 7.36851
CCCoh ConeAngle = 5.75275
Cosmic ConeAngle = 8.34108
Exactly 2 Cosmic ConeAngle = 8.34108
CCCoh ConeAngle = 16.6175
Exactly 2 CCCoh ConeAngle = 16.6175
CCCoh ConeAngle = 6.23814
Exactly 2 CCCoh ConeAngle = 6.23814
Event = 590
Cosmic ConeAngle = 11.2427
Exactly 2 Cosmic ConeAngle = 11.2427
CCCoh ConeAngle = 3.2065
Exactly 2 CCCoh ConeAngle = 3.2065
Cosmic ConeAngle = 11.7063
Exactly 2 Cosmic ConeAngle = 11.7063
CCCoh ConeAngle = 3.14409
Exactly 2 CCCoh ConeAngle = 3.14409
Cosmic ConeAngle = 32.0763
Exactly 2 Cosmic ConeAngle = 32.0763
CCCoh ConeAngle = 5.89218
Exactly 2 CCCoh ConeAngle = 5.89218
Cosmic ConeAngle = 29.5046
Exactly 2 Cosmic ConeAngle = 29.5046
CCCoh ConeAngle = 14.3154
Exactly 2 CCCoh ConeAngle = 14.3154
Event = 600
Cosmic ConeAngle = 38.5121
Exactly 2 Cosmic ConeAngle = 38.5121
CCCoh ConeAngle = 10.2597
Exactly 2 CCCoh ConeAngle = 10.2597
Cosmic ConeAngle = 8.31894
Exactly 2 Cosmic ConeAngle = 8.31894
CCCoh ConeAngle = 2.36022
Exactly 2 CCCoh ConeAngle = 2.36022
Cosmic ConeAngle = 15.3122
Exactly 2 Cosmic ConeAngle = 15.3122
CCCoh ConeAngle = 10.2483
Exactly 2 CCCoh ConeAngle = 10.2483
Cosmic ConeAngle = 8.3511
Exactly 2 Cosmic ConeAngle = 8.3511
CCCoh ConeAngle = 14.364
Exactly 2 CCCoh ConeAngle = 14.364
Event = 610
CCCoh ConeAngle = 3.50356
Cosmic ConeAngle = 7.26325
Exactly 2 Cosmic ConeAngle = 7.26325
CCCoh ConeAngle = 4.34987
Exactly 2 CCCoh ConeAngle = 4.34987
Event = 620
Cosmic ConeAngle = 19.1102
Exactly 2 Cosmic ConeAngle = 19.1102
CCCoh ConeAngle = 6.03051
Exactly 2 CCCoh ConeAngle = 6.03051
CCCoh ConeAngle = 2.59629
Exactly 2 CCCoh ConeAngle = 2.59629
Cosmic ConeAngle = 9.99745
Exactly 2 Cosmic ConeAngle = 9.99745
CCCoh ConeAngle = 5.44941
Exactly 2 CCCoh ConeAngle = 5.44941
Event = 630
Cosmic ConeAngle = 27.6214
Exactly 2 Cosmic ConeAngle = 27.6214
CCCoh ConeAngle = 12.473
Exactly 2 CCCoh ConeAngle = 12.473
Cosmic ConeAngle = 14.693
Exactly 2 Cosmic ConeAngle = 14.693
CCCoh ConeAngle = 12.5318
Exactly 2 CCCoh ConeAngle = 12.5318
Event = 640
Cosmic ConeAngle = 21.5917
Exactly 2 Cosmic ConeAngle = 21.5917
CCCoh ConeAngle = 12.5863
Exactly 2 CCCoh ConeAngle = 12.5863
Cosmic ConeAngle = 13.2835
CCCoh ConeAngle = 7.37478
Cosmic ConeAngle = 14.6615
Exactly 2 Cosmic ConeAngle = 14.6615
CCCoh ConeAngle = 1.49433
Exactly 2 CCCoh ConeAngle = 1.49433
CCCoh ConeAngle = 3.85465
Exactly 2 CCCoh ConeAngle = 3.85465
Event = 650
Cosmic ConeAngle = 39.9585
Exactly 2 Cosmic ConeAngle = 39.9585
CCCoh ConeAngle = 6.27366
Exactly 2 CCCoh ConeAngle = 6.27366
Cosmic ConeAngle = 34.4007
Exactly 2 Cosmic ConeAngle = 34.4007
CCCoh ConeAngle = 3.71661
Exactly 2 CCCoh ConeAngle = 3.71661
Cosmic ConeAngle = 38.0554
Exactly 2 Cosmic ConeAngle = 38.0554
CCCoh ConeAngle = 5.17446
Exactly 2 CCCoh ConeAngle = 5.17446
Cosmic ConeAngle = 6.78305
Exactly 2 Cosmic ConeAngle = 6.78305
CCCoh ConeAngle = 8.58014
Exactly 2 CCCoh ConeAngle = 8.58014
Event = 660
Cosmic ConeAngle = 4.61129
Exactly 2 Cosmic ConeAngle = 4.61129
CCCoh ConeAngle = 4.85148
Exactly 2 CCCoh ConeAngle = 4.85148
Event = 670
CCCoh ConeAngle = 14.625
Exactly 2 CCCoh ConeAngle = 14.625
CCCoh ConeAngle = 2.34744
Exactly 2 CCCoh ConeAngle = 2.34744
CCCoh ConeAngle = 7.82635
Exactly 2 CCCoh ConeAngle = 7.82635
Cosmic ConeAngle = 29.3332
Exactly 2 Cosmic ConeAngle = 29.3332
CCCoh ConeAngle = 2.67091
Exactly 2 CCCoh ConeAngle = 2.67091
Event = 680
CCCoh ConeAngle = 6.62034
Exactly 2 CCCoh ConeAngle = 6.62034
Event = 690
Cosmic ConeAngle = 28.6056
CCCoh ConeAngle = 7.0828
Event = 700
Cosmic ConeAngle = 39.9018
Exactly 2 Cosmic ConeAngle = 39.9018
CCCoh ConeAngle = 6.91794
Exactly 2 CCCoh ConeAngle = 6.91794
CCCoh ConeAngle = 1.04221
Exactly 2 CCCoh ConeAngle = 1.04221
Event = 710
Cosmic ConeAngle = 4.50843
Exactly 2 Cosmic ConeAngle = 4.50843
CCCoh ConeAngle = 5.25958
Exactly 2 CCCoh ConeAngle = 5.25958
Cosmic ConeAngle = 7.72354
Exactly 2 Cosmic ConeAngle = 7.72354
CCCoh ConeAngle = 5.40493
Exactly 2 CCCoh ConeAngle = 5.40493
Cosmic ConeAngle = 19.3698
CCCoh ConeAngle = 9.04721
CCCoh ConeAngle = 3.58523
Exactly 2 CCCoh ConeAngle = 3.58523
Event = 720
Cosmic ConeAngle = 31.0023
Exactly 2 Cosmic ConeAngle = 31.0023
CCCoh ConeAngle = 8.10468
Exactly 2 CCCoh ConeAngle = 8.10468
Event = 730
Cosmic ConeAngle = 20.0338
Exactly 2 Cosmic ConeAngle = 20.0338
CCCoh ConeAngle = 5.30199
Exactly 2 CCCoh ConeAngle = 5.30199
Cosmic ConeAngle = 23.0291
Exactly 2 Cosmic ConeAngle = 23.0291
CCCoh ConeAngle = 9.03906
Exactly 2 CCCoh ConeAngle = 9.03906
Event = 740
Cosmic ConeAngle = 10.1147
Exactly 2 Cosmic ConeAngle = 10.1147
CCCoh ConeAngle = 7.12602
Exactly 2 CCCoh ConeAngle = 7.12602
Cosmic ConeAngle = 5.07213
Exactly 2 Cosmic ConeAngle = 5.07213
CCCoh ConeAngle = 9.6069
Exactly 2 CCCoh ConeAngle = 9.6069
Cosmic ConeAngle = 34.2562
Exactly 2 Cosmic ConeAngle = 34.2562
Cosmic ConeAngle = 9.52775
CCCoh ConeAngle = 5.20227
CCCoh ConeAngle = 5.38544
Exactly 2 CCCoh ConeAngle = 5.38544
Event = 750
CCCoh ConeAngle = 15.3264
Exactly 2 CCCoh ConeAngle = 15.3264
Cosmic ConeAngle = 12.6931
Exactly 2 Cosmic ConeAngle = 12.6931
CCCoh ConeAngle = 7.51164
Exactly 2 CCCoh ConeAngle = 7.51164
CCCoh ConeAngle = 18.8085
Exactly 2 CCCoh ConeAngle = 18.8085
Event = 760
Cosmic ConeAngle = 24.2199
Exactly 2 Cosmic ConeAngle = 24.2199
CCCoh ConeAngle = 12.3818
Exactly 2 CCCoh ConeAngle = 12.3818
Cosmic ConeAngle = 39.4851
Exactly 2 Cosmic ConeAngle = 39.4851
CCCoh ConeAngle = 11.278
Exactly 2 CCCoh ConeAngle = 11.278
Event = 770
Cosmic ConeAngle = 10.7156
Exactly 2 Cosmic ConeAngle = 10.7156
CCCoh ConeAngle = 10.5611
Exactly 2 CCCoh ConeAngle = 10.5611
Cosmic ConeAngle = 25.8851
CCCoh ConeAngle = 7.54333
Cosmic ConeAngle = 12.4851
Exactly 2 Cosmic ConeAngle = 12.4851
CCCoh ConeAngle = 8.88607
Exactly 2 CCCoh ConeAngle = 8.88607
CCCoh ConeAngle = 7.50701
Exactly 2 CCCoh ConeAngle = 7.50701
CCCoh ConeAngle = 13.2535
Exactly 2 CCCoh ConeAngle = 13.2535
Event = 780
Cosmic ConeAngle = 22.3308
Exactly 2 Cosmic ConeAngle = 22.3308
CCCoh ConeAngle = 3.02709
Exactly 2 CCCoh ConeAngle = 3.02709
Cosmic ConeAngle = 30.3373
Exactly 2 Cosmic ConeAngle = 30.3373
CCCoh ConeAngle = 11.3811
Exactly 2 CCCoh ConeAngle = 11.3811
Event = 790
Cosmic ConeAngle = 32.9188
Exactly 2 Cosmic ConeAngle = 32.9188
CCCoh ConeAngle = 14.193
Exactly 2 CCCoh ConeAngle = 14.193
CCCoh ConeAngle = 7.02906
Exactly 2 CCCoh ConeAngle = 7.02906
Cosmic ConeAngle = 14.4768
Exactly 2 Cosmic ConeAngle = 14.4768
CCCoh ConeAngle = 4.03447
Exactly 2 CCCoh ConeAngle = 4.03447
Event = 800
Cosmic ConeAngle = 7.15644
Exactly 2 Cosmic ConeAngle = 7.15644
CCCoh ConeAngle = 18.3748
Exactly 2 CCCoh ConeAngle = 18.3748
Cosmic ConeAngle = 17.1507
Exactly 2 Cosmic ConeAngle = 17.1507
CCCoh ConeAngle = 18.8139
Exactly 2 CCCoh ConeAngle = 18.8139
Cosmic ConeAngle = 1.5528
Exactly 2 Cosmic ConeAngle = 1.5528
CCCoh ConeAngle = 16.4689
Exactly 2 CCCoh ConeAngle = 16.4689
CCCoh ConeAngle = 10.7173
Exactly 2 CCCoh ConeAngle = 10.7173
Cosmic ConeAngle = 35.5349
Exactly 2 Cosmic ConeAngle = 35.5349
CCCoh ConeAngle = 6.15167
Exactly 2 CCCoh ConeAngle = 6.15167
Event = 810
Cosmic ConeAngle = 6.745
Exactly 2 Cosmic ConeAngle = 6.745
Cosmic ConeAngle = 19.4772
CCCoh ConeAngle = 3.06942
CCCoh ConeAngle = 13.1298
Exactly 2 CCCoh ConeAngle = 13.1298
Cosmic ConeAngle = 6.64459
Exactly 2 Cosmic ConeAngle = 6.64459
CCCoh ConeAngle = 18.442
Exactly 2 CCCoh ConeAngle = 18.442
Event = 820
Cosmic ConeAngle = 9.23211
Exactly 2 Cosmic ConeAngle = 9.23211
CCCoh ConeAngle = 1.76226
Exactly 2 CCCoh ConeAngle = 1.76226
Cosmic ConeAngle = 5.58706
CCCoh ConeAngle = 25.0264
Event = 830
CCCoh ConeAngle = 11.4693
Exactly 2 CCCoh ConeAngle = 11.4693
Cosmic ConeAngle = 3.9403
CCCoh ConeAngle = 3.65642
Cosmic ConeAngle = 24.8943
Exactly 2 Cosmic ConeAngle = 24.8943
CCCoh ConeAngle = 4.71304
Exactly 2 CCCoh ConeAngle = 4.71304
CCCoh ConeAngle = 0.238232
Exactly 2 CCCoh ConeAngle = 0.238232
Cosmic ConeAngle = 30.4128
Exactly 2 Cosmic ConeAngle = 30.4128
CCCoh ConeAngle = 12.5927
Exactly 2 CCCoh ConeAngle = 12.5927
Cosmic ConeAngle = 2.702
Exactly 2 Cosmic ConeAngle = 2.702
CCCoh ConeAngle = 7.05944
Exactly 2 CCCoh ConeAngle = 7.05944
Event = 840
Cosmic ConeAngle = 2.22238
Exactly 2 Cosmic ConeAngle = 2.22238
CCCoh ConeAngle = 19.684
Exactly 2 CCCoh ConeAngle = 19.684
Cosmic ConeAngle = 35.3751
Exactly 2 Cosmic ConeAngle = 35.3751
CCCoh ConeAngle = 6.85476
Exactly 2 CCCoh ConeAngle = 6.85476
Cosmic ConeAngle = 30.8348
Exactly 2 Cosmic ConeAngle = 30.8348
CCCoh ConeAngle = 13.7505
Exactly 2 CCCoh ConeAngle = 13.7505
Event = 850
Cosmic ConeAngle = 29.5727
Cosmic ConeAngle = 10.8226
Exactly 2 Cosmic ConeAngle = 10.8226
CCCoh ConeAngle = 7.39776
Exactly 2 CCCoh ConeAngle = 7.39776
Event = 860
Cosmic ConeAngle = 35.3546
Exactly 2 Cosmic ConeAngle = 35.3546
Cosmic ConeAngle = 33.7298
Exactly 2 Cosmic ConeAngle = 33.7298
CCCoh ConeAngle = 8.42618
Exactly 2 CCCoh ConeAngle = 8.42618
Event = 870
Cosmic ConeAngle = 23.671
Exactly 2 Cosmic ConeAngle = 23.671
CCCoh ConeAngle = 11.6211
Exactly 2 CCCoh ConeAngle = 11.6211
Cosmic ConeAngle = 30.0364
Exactly 2 Cosmic ConeAngle = 30.0364
CCCoh ConeAngle = 6.21825
Exactly 2 CCCoh ConeAngle = 6.21825
CCCoh ConeAngle = 12.9968
Exactly 2 CCCoh ConeAngle = 12.9968
Cosmic ConeAngle = 14.6912
Exactly 2 Cosmic ConeAngle = 14.6912
CCCoh ConeAngle = 3.75757
Exactly 2 CCCoh ConeAngle = 3.75757
Event = 880
CCCoh ConeAngle = 2.57594
Exactly 2 CCCoh ConeAngle = 2.57594
Cosmic ConeAngle = 26.7283
CCCoh ConeAngle = 19.6453
Cosmic ConeAngle = 9.08955
Exactly 2 Cosmic ConeAngle = 9.08955
CCCoh ConeAngle = 11.0167
Exactly 2 CCCoh ConeAngle = 11.0167
Cosmic ConeAngle = 1.81783
Exactly 2 Cosmic ConeAngle = 1.81783
CCCoh ConeAngle = 3.70152
Exactly 2 CCCoh ConeAngle = 3.70152
Cosmic ConeAngle = 30.8046
Exactly 2 Cosmic ConeAngle = 30.8046
CCCoh ConeAngle = 4.51029
Exactly 2 CCCoh ConeAngle = 4.51029
Event = 890
Cosmic ConeAngle = 8.1747
Exactly 2 Cosmic ConeAngle = 8.1747
CCCoh ConeAngle = 25.8936
Exactly 2 CCCoh ConeAngle = 25.8936
Cosmic ConeAngle = 37.1128
Exactly 2 Cosmic ConeAngle = 37.1128
CCCoh ConeAngle = 5.05359
Exactly 2 CCCoh ConeAngle = 5.05359
Cosmic ConeAngle = 5.40648
Exactly 2 Cosmic ConeAngle = 5.40648
CCCoh ConeAngle = 9.10397
Exactly 2 CCCoh ConeAngle = 9.10397
Cosmic ConeAngle = 25.1158
Exactly 2 Cosmic ConeAngle = 25.1158
CCCoh ConeAngle = 5.77929
Exactly 2 CCCoh ConeAngle = 5.77929
Event = 900
CCCoh ConeAngle = 34.7724
Exactly 2 CCCoh ConeAngle = 34.7724
Cosmic ConeAngle = 15.2759
Exactly 2 Cosmic ConeAngle = 15.2759
CCCoh ConeAngle = 12.666
Exactly 2 CCCoh ConeAngle = 12.666
Cosmic ConeAngle = 29.0991
Exactly 2 Cosmic ConeAngle = 29.0991
CCCoh ConeAngle = 7.65239
Exactly 2 CCCoh ConeAngle = 7.65239
Event = 910
Cosmic ConeAngle = 4.90391
Exactly 2 Cosmic ConeAngle = 4.90391
CCCoh ConeAngle = 8.2015
Exactly 2 CCCoh ConeAngle = 8.2015
Cosmic ConeAngle = 17.1661
Exactly 2 Cosmic ConeAngle = 17.1661
CCCoh ConeAngle = 21.2123
Exactly 2 CCCoh ConeAngle = 21.2123
Event = 920
CCCoh ConeAngle = 9.5088
Exactly 2 CCCoh ConeAngle = 9.5088
Cosmic ConeAngle = 7.32866
Exactly 2 Cosmic ConeAngle = 7.32866
CCCoh ConeAngle = 10.3859
Exactly 2 CCCoh ConeAngle = 10.3859
Event = 930
Cosmic ConeAngle = 14.1124
Exactly 2 Cosmic ConeAngle = 14.1124
CCCoh ConeAngle = 16.8282
Exactly 2 CCCoh ConeAngle = 16.8282
Cosmic ConeAngle = 30.0123
CCCoh ConeAngle = 4.13533
CCCoh ConeAngle = 12.3284
Exactly 2 CCCoh ConeAngle = 12.3284
CCCoh ConeAngle = 11.6922
Exactly 2 CCCoh ConeAngle = 11.6922
Event = 940
Cosmic ConeAngle = 37.339
Exactly 2 Cosmic ConeAngle = 37.339
CCCoh ConeAngle = 9.57382
Exactly 2 CCCoh ConeAngle = 9.57382
Cosmic ConeAngle = 29.2418
Exactly 2 Cosmic ConeAngle = 29.2418
CCCoh ConeAngle = 13.5634
Exactly 2 CCCoh ConeAngle = 13.5634
Event = 950
Cosmic ConeAngle = 9.66461
Exactly 2 Cosmic ConeAngle = 9.66461
CCCoh ConeAngle = 2.53986
Exactly 2 CCCoh ConeAngle = 2.53986
Event = 960
Cosmic ConeAngle = 17.9695
Exactly 2 Cosmic ConeAngle = 17.9695
CCCoh ConeAngle = 23.5879
Exactly 2 CCCoh ConeAngle = 23.5879
CCCoh ConeAngle = 7.38637
Exactly 2 CCCoh ConeAngle = 7.38637
Cosmic ConeAngle = 11.8236
Exactly 2 Cosmic ConeAngle = 11.8236
CCCoh ConeAngle = 13.3628
Exactly 2 CCCoh ConeAngle = 13.3628
Event = 970
Cosmic ConeAngle = 14.9438
Exactly 2 Cosmic ConeAngle = 14.9438
CCCoh ConeAngle = 3.07021
Exactly 2 CCCoh ConeAngle = 3.07021
Cosmic ConeAngle = 26.5041
Exactly 2 Cosmic ConeAngle = 26.5041
CCCoh ConeAngle = 10.9253
Exactly 2 CCCoh ConeAngle = 10.9253
Cosmic ConeAngle = 36.4517
Exactly 2 Cosmic ConeAngle = 36.4517
CCCoh ConeAngle = 9.67909
Exactly 2 CCCoh ConeAngle = 9.67909
CCCoh ConeAngle = 9.50229
Exactly 2 CCCoh ConeAngle = 9.50229
Cosmic ConeAngle = 6.21983
Exactly 2 Cosmic ConeAngle = 6.21983
CCCoh ConeAngle = 5.20222
Exactly 2 CCCoh ConeAngle = 5.20222
Event = 980
Cosmic ConeAngle = 21.3396
CCCoh ConeAngle = 4.65476
Cosmic ConeAngle = 6.64808
Exactly 2 Cosmic ConeAngle = 6.64808
CCCoh ConeAngle = 9.90641
Exactly 2 CCCoh ConeAngle = 9.90641
Cosmic ConeAngle = 6.7152
Exactly 2 Cosmic ConeAngle = 6.7152
CCCoh ConeAngle = 7.6932
Exactly 2 CCCoh ConeAngle = 7.6932
Event = 990
Cosmic ConeAngle = 8.29324
Exactly 2 Cosmic ConeAngle = 8.29324
CCCoh ConeAngle = 15.8386
Exactly 2 CCCoh ConeAngle = 15.8386
Cosmic ConeAngle = 7.02044
Exactly 2 Cosmic ConeAngle = 7.02044
CCCoh ConeAngle = 5.11388
Exactly 2 CCCoh ConeAngle = 5.11388
CCCoh ConeAngle = 3.561
Exactly 2 CCCoh ConeAngle = 3.561
Cosmic ConeAngle = 12.7252
Exactly 2 Cosmic ConeAngle = 12.7252
CCCoh ConeAngle = 13.2303
Exactly 2 CCCoh ConeAngle = 13.2303
Event = 1000
CCCoh ConeAngle = 5.87455
Exactly 2 CCCoh ConeAngle = 5.87455
CCCoh ConeAngle = 13.3543
Exactly 2 CCCoh ConeAngle = 13.3543
Cosmic ConeAngle = 36.9796
Exactly 2 Cosmic ConeAngle = 36.9796
CCCoh ConeAngle = 27.6059
Exactly 2 CCCoh ConeAngle = 27.6059
Cosmic ConeAngle = 25.9587
Exactly 2 Cosmic ConeAngle = 25.9587
CCCoh ConeAngle = 1.136
Exactly 2 CCCoh ConeAngle = 1.136
Event = 1010
Cosmic ConeAngle = 36.0463
Exactly 2 Cosmic ConeAngle = 36.0463
CCCoh ConeAngle = 7.61772
Exactly 2 CCCoh ConeAngle = 7.61772
Cosmic ConeAngle = 6.91317
Exactly 2 Cosmic ConeAngle = 6.91317
CCCoh ConeAngle = 6.94916
Exactly 2 CCCoh ConeAngle = 6.94916
Event = 1020
CCCoh ConeAngle = 2.97015
Exactly 2 CCCoh ConeAngle = 2.97015
Cosmic ConeAngle = 39.3842
Exactly 2 Cosmic ConeAngle = 39.3842
CCCoh ConeAngle = 6.00202
Exactly 2 CCCoh ConeAngle = 6.00202
Cosmic ConeAngle = 3.15714
Exactly 2 Cosmic ConeAngle = 3.15714
CCCoh ConeAngle = 2.36806
Exactly 2 CCCoh ConeAngle = 2.36806
Cosmic ConeAngle = 22.4805
Exactly 2 Cosmic ConeAngle = 22.4805
CCCoh ConeAngle = 6.54492
Exactly 2 CCCoh ConeAngle = 6.54492
Event = 1030
CCCoh ConeAngle = 0.71327
Exactly 2 CCCoh ConeAngle = 0.71327
Cosmic ConeAngle = 31.0896
Exactly 2 Cosmic ConeAngle = 31.0896
CCCoh ConeAngle = 5.56477
Exactly 2 CCCoh ConeAngle = 5.56477
Event = 1040
Cosmic ConeAngle = 12.5649
Exactly 2 Cosmic ConeAngle = 12.5649
CCCoh ConeAngle = 11.625
Exactly 2 CCCoh ConeAngle = 11.625
Cosmic ConeAngle = 12.7753
Exactly 2 Cosmic ConeAngle = 12.7753
CCCoh ConeAngle = 3.8643
Exactly 2 CCCoh ConeAngle = 3.8643
CCCoh ConeAngle = 6.83841
Cosmic ConeAngle = 27.2121
Exactly 2 Cosmic ConeAngle = 27.2121
CCCoh ConeAngle = 7.19372
Exactly 2 CCCoh ConeAngle = 7.19372
Event = 1050
Cosmic ConeAngle = 36.4118
Exactly 2 Cosmic ConeAngle = 36.4118
CCCoh ConeAngle = 10.5563
Exactly 2 CCCoh ConeAngle = 10.5563
Cosmic ConeAngle = 7.61795
Exactly 2 Cosmic ConeAngle = 7.61795
CCCoh ConeAngle = 5.00078
Exactly 2 CCCoh ConeAngle = 5.00078
Cosmic ConeAngle = 10.7636
Exactly 2 Cosmic ConeAngle = 10.7636
CCCoh ConeAngle = 10.1508
Exactly 2 CCCoh ConeAngle = 10.1508
Cosmic ConeAngle = 9.82497
Exactly 2 Cosmic ConeAngle = 9.82497
CCCoh ConeAngle = 3.18503
Exactly 2 CCCoh ConeAngle = 3.18503
Event = 1060
Cosmic ConeAngle = 30.5129
Exactly 2 Cosmic ConeAngle = 30.5129
CCCoh ConeAngle = 6.53519
Exactly 2 CCCoh ConeAngle = 6.53519
Cosmic ConeAngle = 32.479
CCCoh ConeAngle = 6.50513
Cosmic ConeAngle = 6.31748
Exactly 2 Cosmic ConeAngle = 6.31748
CCCoh ConeAngle = 11.0797
Exactly 2 CCCoh ConeAngle = 11.0797
Event = 1070
Cosmic ConeAngle = 16.4743
Exactly 2 Cosmic ConeAngle = 16.4743
CCCoh ConeAngle = 0.368594
Exactly 2 CCCoh ConeAngle = 0.368594
Cosmic ConeAngle = 16.9713
Exactly 2 Cosmic ConeAngle = 16.9713
CCCoh ConeAngle = 6.05726
Exactly 2 CCCoh ConeAngle = 6.05726
Cosmic ConeAngle = 25.5395
Exactly 2 Cosmic ConeAngle = 25.5395
CCCoh ConeAngle = 1.41061
Exactly 2 CCCoh ConeAngle = 1.41061
Cosmic ConeAngle = 1.14642
Exactly 2 Cosmic ConeAngle = 1.14642
CCCoh ConeAngle = 6.50547
Exactly 2 CCCoh ConeAngle = 6.50547
Event = 1080
Cosmic ConeAngle = 33.9136
Exactly 2 Cosmic ConeAngle = 33.9136
CCCoh ConeAngle = 6.82522
Exactly 2 CCCoh ConeAngle = 6.82522
Cosmic ConeAngle = 21.2461
Exactly 2 Cosmic ConeAngle = 21.2461
CCCoh ConeAngle = 32.1857
Exactly 2 CCCoh ConeAngle = 32.1857
Cosmic ConeAngle = 8.38259
Exactly 2 Cosmic ConeAngle = 8.38259
CCCoh ConeAngle = 12.0849
Exactly 2 CCCoh ConeAngle = 12.0849
Event = 1090
Cosmic ConeAngle = 6.60737
Exactly 2 Cosmic ConeAngle = 6.60737
CCCoh ConeAngle = 19.4448
Exactly 2 CCCoh ConeAngle = 19.4448
Cosmic ConeAngle = 29.1104
Exactly 2 Cosmic ConeAngle = 29.1104
CCCoh ConeAngle = 18.6884
Exactly 2 CCCoh ConeAngle = 18.6884
Cosmic ConeAngle = 9.22368
Exactly 2 Cosmic ConeAngle = 9.22368
CCCoh ConeAngle = 6.3266
Exactly 2 CCCoh ConeAngle = 6.3266
Event = 1100
Cosmic ConeAngle = 9.27656
Exactly 2 Cosmic ConeAngle = 9.27656
CCCoh ConeAngle = 25.1472
Exactly 2 CCCoh ConeAngle = 25.1472
Cosmic ConeAngle = 28.4683
Exactly 2 Cosmic ConeAngle = 28.4683
CCCoh ConeAngle = 1.82115
Exactly 2 CCCoh ConeAngle = 1.82115
CCCoh ConeAngle = 6.13948
Exactly 2 CCCoh ConeAngle = 6.13948
Cosmic ConeAngle = 0.237319
Exactly 2 Cosmic ConeAngle = 0.237319
CCCoh ConeAngle = 14.5288
Exactly 2 CCCoh ConeAngle = 14.5288
Cosmic ConeAngle = 39.0883
Exactly 2 Cosmic ConeAngle = 39.0883
CCCoh ConeAngle = 6.96911
Exactly 2 CCCoh ConeAngle = 6.96911
Event = 1110
Cosmic ConeAngle = 5.36665
Exactly 2 Cosmic ConeAngle = 5.36665
CCCoh ConeAngle = 2.56235
Exactly 2 CCCoh ConeAngle = 2.56235
Event = 1120
Cosmic ConeAngle = 5.57606
Exactly 2 Cosmic ConeAngle = 5.57606
CCCoh ConeAngle = 14.4379
Exactly 2 CCCoh ConeAngle = 14.4379
Cosmic ConeAngle = 17.8505
Exactly 2 Cosmic ConeAngle = 17.8505
CCCoh ConeAngle = 5.51618
Exactly 2 CCCoh ConeAngle = 5.51618
Cosmic ConeAngle = 11.0528
Exactly 2 Cosmic ConeAngle = 11.0528
CCCoh ConeAngle = 8.40397
Exactly 2 CCCoh ConeAngle = 8.40397
Cosmic ConeAngle = 32.6889
Exactly 2 Cosmic ConeAngle = 32.6889
CCCoh ConeAngle = 6.81795
Exactly 2 CCCoh ConeAngle = 6.81795
Event = 1130
Cosmic ConeAngle = 8.06664
Exactly 2 Cosmic ConeAngle = 8.06664
CCCoh ConeAngle = 11.6661
Exactly 2 CCCoh ConeAngle = 11.6661
CCCoh ConeAngle = 4.15952
Exactly 2 CCCoh ConeAngle = 4.15952
CCCoh ConeAngle = 6.91295
Exactly 2 CCCoh ConeAngle = 6.91295
Cosmic ConeAngle = 32.6679
CCCoh ConeAngle = 4.1814
Event = 1140
Cosmic ConeAngle = 9.03455
Exactly 2 Cosmic ConeAngle = 9.03455
CCCoh ConeAngle = 5.58381
Exactly 2 CCCoh ConeAngle = 5.58381
Cosmic ConeAngle = 27.5105
Exactly 2 Cosmic ConeAngle = 27.5105
CCCoh ConeAngle = 9.43879
Exactly 2 CCCoh ConeAngle = 9.43879
Cosmic ConeAngle = 16.3115
Exactly 2 Cosmic ConeAngle = 16.3115
CCCoh ConeAngle = 3.2523
Exactly 2 CCCoh ConeAngle = 3.2523
CCCoh ConeAngle = 6.4746
Exactly 2 CCCoh ConeAngle = 6.4746
Cosmic ConeAngle = 18.3096
Exactly 2 Cosmic ConeAngle = 18.3096
CCCoh ConeAngle = 5.98182
Exactly 2 CCCoh ConeAngle = 5.98182
Event = 1150
Cosmic ConeAngle = 16.9305
Exactly 2 Cosmic ConeAngle = 16.9305
CCCoh ConeAngle = 1.0424
Exactly 2 CCCoh ConeAngle = 1.0424
Cosmic ConeAngle = 12.6136
Exactly 2 Cosmic ConeAngle = 12.6136
CCCoh ConeAngle = 5.38951
Exactly 2 CCCoh ConeAngle = 5.38951
CCCoh ConeAngle = 3.50131
Cosmic ConeAngle = 32.2722
Exactly 2 Cosmic ConeAngle = 32.2722
CCCoh ConeAngle = 6.48038
Exactly 2 CCCoh ConeAngle = 6.48038
Event = 1160
Cosmic ConeAngle = 27.5234
Exactly 2 Cosmic ConeAngle = 27.5234
CCCoh ConeAngle = 0.876257
Exactly 2 CCCoh ConeAngle = 0.876257
Cosmic ConeAngle = 4.34769
Exactly 2 Cosmic ConeAngle = 4.34769
CCCoh ConeAngle = 12.2655
Exactly 2 CCCoh ConeAngle = 12.2655
Cosmic ConeAngle = 26.7268
Exactly 2 Cosmic ConeAngle = 26.7268
CCCoh ConeAngle = 3.57177
Exactly 2 CCCoh ConeAngle = 3.57177
Event = 1170
Cosmic ConeAngle = 17.1875
Exactly 2 Cosmic ConeAngle = 17.1875
CCCoh ConeAngle = 11.5955
Exactly 2 CCCoh ConeAngle = 11.5955
Cosmic ConeAngle = 0.676283
Exactly 2 Cosmic ConeAngle = 0.676283
CCCoh ConeAngle = 2.74685
Exactly 2 CCCoh ConeAngle = 2.74685
Cosmic ConeAngle = 16.9896
Exactly 2 Cosmic ConeAngle = 16.9896
CCCoh ConeAngle = 10.8009
Exactly 2 CCCoh ConeAngle = 10.8009
Cosmic ConeAngle = 3.88932
Exactly 2 Cosmic ConeAngle = 3.88932
CCCoh ConeAngle = 4.40612
Exactly 2 CCCoh ConeAngle = 4.40612
Cosmic ConeAngle = 30.7604
Exactly 2 Cosmic ConeAngle = 30.7604
CCCoh ConeAngle = 3.54447
Exactly 2 CCCoh ConeAngle = 3.54447
Event = 1180
Cosmic ConeAngle = 13.3491
Exactly 2 Cosmic ConeAngle = 13.3491
CCCoh ConeAngle = 31.7893
Exactly 2 CCCoh ConeAngle = 31.7893
Cosmic ConeAngle = 6.90008
Exactly 2 Cosmic ConeAngle = 6.90008
CCCoh ConeAngle = 4.37414
Exactly 2 CCCoh ConeAngle = 4.37414
Cosmic ConeAngle = 23.1588
Exactly 2 Cosmic ConeAngle = 23.1588
CCCoh ConeAngle = 14.4562
Exactly 2 CCCoh ConeAngle = 14.4562
Cosmic ConeAngle = 26.3602
Exactly 2 Cosmic ConeAngle = 26.3602
CCCoh ConeAngle = 6.96218
Exactly 2 CCCoh ConeAngle = 6.96218
Event = 1190
Cosmic ConeAngle = 24.4358
Exactly 2 Cosmic ConeAngle = 24.4358
CCCoh ConeAngle = 18.2715
Exactly 2 CCCoh ConeAngle = 18.2715
Event = 1200
Cosmic ConeAngle = 39.0816
Exactly 2 Cosmic ConeAngle = 39.0816
CCCoh ConeAngle = 6.99862
Exactly 2 CCCoh ConeAngle = 6.99862
Event = 1210
CCCoh ConeAngle = 10.3615
Exactly 2 CCCoh ConeAngle = 10.3615
Cosmic ConeAngle = 21.6879
Exactly 2 Cosmic ConeAngle = 21.6879
CCCoh ConeAngle = 2.30349
Exactly 2 CCCoh ConeAngle = 2.30349
Cosmic ConeAngle = 8.31302
Exactly 2 Cosmic ConeAngle = 8.31302
CCCoh ConeAngle = 19.7297
Exactly 2 CCCoh ConeAngle = 19.7297
Cosmic ConeAngle = 2.95853
Exactly 2 Cosmic ConeAngle = 2.95853
CCCoh ConeAngle = 5.53628
Exactly 2 CCCoh ConeAngle = 5.53628
Event = 1220
Cosmic ConeAngle = 9.84533
Exactly 2 Cosmic ConeAngle = 9.84533
CCCoh ConeAngle = 7.64961
Exactly 2 CCCoh ConeAngle = 7.64961
Cosmic ConeAngle = 1.30033
Exactly 2 Cosmic ConeAngle = 1.30033
CCCoh ConeAngle = 30.2105
Exactly 2 CCCoh ConeAngle = 30.2105
Cosmic ConeAngle = 5.55451
Exactly 2 Cosmic ConeAngle = 5.55451
CCCoh ConeAngle = 8.53405
Exactly 2 CCCoh ConeAngle = 8.53405
Cosmic ConeAngle = 25.7712
Exactly 2 Cosmic ConeAngle = 25.7712
CCCoh ConeAngle = 3.69912
Exactly 2 CCCoh ConeAngle = 3.69912
Cosmic ConeAngle = 1.09797
Exactly 2 Cosmic ConeAngle = 1.09797
CCCoh ConeAngle = 4.58926
Exactly 2 CCCoh ConeAngle = 4.58926
Event = 1230
Cosmic ConeAngle = 16.2612
Exactly 2 Cosmic ConeAngle = 16.2612
CCCoh ConeAngle = 10.0833
Exactly 2 CCCoh ConeAngle = 10.0833
Cosmic ConeAngle = 21.5777
Exactly 2 Cosmic ConeAngle = 21.5777
CCCoh ConeAngle = 3.06681
Exactly 2 CCCoh ConeAngle = 3.06681
Cosmic ConeAngle = 5.40577
Exactly 2 Cosmic ConeAngle = 5.40577
CCCoh ConeAngle = 10.3599
Exactly 2 CCCoh ConeAngle = 10.3599
CCCoh ConeAngle = 8.63488
Exactly 2 CCCoh ConeAngle = 8.63488
Event = 1240
Cosmic ConeAngle = 2.14974
Exactly 2 Cosmic ConeAngle = 2.14974
CCCoh ConeAngle = 4.81024
Exactly 2 CCCoh ConeAngle = 4.81024
Cosmic ConeAngle = 10.8181
Exactly 2 Cosmic ConeAngle = 10.8181
CCCoh ConeAngle = 3.90979
Exactly 2 CCCoh ConeAngle = 3.90979
Cosmic ConeAngle = 17.4715
Exactly 2 Cosmic ConeAngle = 17.4715
CCCoh ConeAngle = 3.2105
Exactly 2 CCCoh ConeAngle = 3.2105
Event = 1250
Cosmic ConeAngle = 19.4218
Exactly 2 Cosmic ConeAngle = 19.4218
CCCoh ConeAngle = 3.79011
Exactly 2 CCCoh ConeAngle = 3.79011
CCCoh ConeAngle = 4.9611
Exactly 2 CCCoh ConeAngle = 4.9611
Cosmic ConeAngle = 33.2577
Exactly 2 Cosmic ConeAngle = 33.2577
CCCoh ConeAngle = 9.76051
Exactly 2 CCCoh ConeAngle = 9.76051
Cosmic ConeAngle = 3.48108
Exactly 2 Cosmic ConeAngle = 3.48108
CCCoh ConeAngle = 19.6005
Exactly 2 CCCoh ConeAngle = 19.6005
Cosmic ConeAngle = 3.60982
CCCoh ConeAngle = 17.1371
Event = 1260
Cosmic ConeAngle = 8.74797
Exactly 2 Cosmic ConeAngle = 8.74797
CCCoh ConeAngle = 10.8737
Exactly 2 CCCoh ConeAngle = 10.8737
Event = 1270
Cosmic ConeAngle = 24.0808
Exactly 2 Cosmic ConeAngle = 24.0808
CCCoh ConeAngle = 25.202
Exactly 2 CCCoh ConeAngle = 25.202
Cosmic ConeAngle = 6.7612
Exactly 2 Cosmic ConeAngle = 6.7612
CCCoh ConeAngle = 3.86953
Exactly 2 CCCoh ConeAngle = 3.86953
Event = 1280
CCCoh ConeAngle = 6.87083
Exactly 2 CCCoh ConeAngle = 6.87083
Cosmic ConeAngle = 27.5052
Exactly 2 Cosmic ConeAngle = 27.5052
CCCoh ConeAngle = 17.1917
Exactly 2 CCCoh ConeAngle = 17.1917
Cosmic ConeAngle = 4.85922
Exactly 2 Cosmic ConeAngle = 4.85922
CCCoh ConeAngle = 28.5405
Exactly 2 CCCoh ConeAngle = 28.5405
Event = 1290
Cosmic ConeAngle = 26.8278
Exactly 2 Cosmic ConeAngle = 26.8278
CCCoh ConeAngle = 10.0715
Exactly 2 CCCoh ConeAngle = 10.0715
Cosmic ConeAngle = 25.3909
Exactly 2 Cosmic ConeAngle = 25.3909
CCCoh ConeAngle = 10.7077
Exactly 2 CCCoh ConeAngle = 10.7077
Cosmic ConeAngle = 1.86384
Exactly 2 Cosmic ConeAngle = 1.86384
CCCoh ConeAngle = 10.5931
Exactly 2 CCCoh ConeAngle = 10.5931
Cosmic ConeAngle = 21.1068
CCCoh ConeAngle = 11.3519
Event = 1300
Cosmic ConeAngle = 3.51826
Exactly 2 Cosmic ConeAngle = 3.51826
CCCoh ConeAngle = 8.49895
Exactly 2 CCCoh ConeAngle = 8.49895
Cosmic ConeAngle = 29.6191
Exactly 2 Cosmic ConeAngle = 29.6191
CCCoh ConeAngle = 0.67103
Exactly 2 CCCoh ConeAngle = 0.67103
Cosmic ConeAngle = 8.35108
Exactly 2 Cosmic ConeAngle = 8.35108
Cosmic ConeAngle = 10.0004
Exactly 2 Cosmic ConeAngle = 10.0004
CCCoh ConeAngle = 7.76875
Exactly 2 CCCoh ConeAngle = 7.76875
Event = 1310
CCCoh ConeAngle = 9.99132
Cosmic ConeAngle = 32.2764
Exactly 2 Cosmic ConeAngle = 32.2764
CCCoh ConeAngle = 4.55487
Exactly 2 CCCoh ConeAngle = 4.55487
Cosmic ConeAngle = 1.73095
Cosmic ConeAngle = 8.20819
Exactly 2 Cosmic ConeAngle = 8.20819
CCCoh ConeAngle = 6.43662
Exactly 2 CCCoh ConeAngle = 6.43662
CCCoh ConeAngle = 6.91223
Exactly 2 CCCoh ConeAngle = 6.91223
Event = 1320
Cosmic ConeAngle = 8.80231
Exactly 2 Cosmic ConeAngle = 8.80231
CCCoh ConeAngle = 0.23504
Exactly 2 CCCoh ConeAngle = 0.23504
Cosmic ConeAngle = 11.7442
Exactly 2 Cosmic ConeAngle = 11.7442
CCCoh ConeAngle = 11.8382
Exactly 2 CCCoh ConeAngle = 11.8382
Event = 1330
CCCoh ConeAngle = 5.37389
Exactly 2 CCCoh ConeAngle = 5.37389
Event = 1340
Cosmic ConeAngle = 30.0732
Exactly 2 Cosmic ConeAngle = 30.0732
CCCoh ConeAngle = 6.55775
Exactly 2 CCCoh ConeAngle = 6.55775
Cosmic ConeAngle = 30.5359
Exactly 2 Cosmic ConeAngle = 30.5359
CCCoh ConeAngle = 14.8952
Exactly 2 CCCoh ConeAngle = 14.8952
Cosmic ConeAngle = 14.5427
Exactly 2 Cosmic ConeAngle = 14.5427
CCCoh ConeAngle = 4.15014
Exactly 2 CCCoh ConeAngle = 4.15014
Event = 1350
Cosmic ConeAngle = 18.2307
Exactly 2 Cosmic ConeAngle = 18.2307
CCCoh ConeAngle = 4.35282
Exactly 2 CCCoh ConeAngle = 4.35282
Cosmic ConeAngle = 26.2752
Exactly 2 Cosmic ConeAngle = 26.2752
CCCoh ConeAngle = 12.2269
Exactly 2 CCCoh ConeAngle = 12.2269
Cosmic ConeAngle = 2.00334
Exactly 2 Cosmic ConeAngle = 2.00334
CCCoh ConeAngle = 10.231
Exactly 2 CCCoh ConeAngle = 10.231
Event = 1360
Cosmic ConeAngle = 12.4661
Exactly 2 Cosmic ConeAngle = 12.4661
CCCoh ConeAngle = 11.4683
Exactly 2 CCCoh ConeAngle = 11.4683
Cosmic ConeAngle = 18.9195
Exactly 2 Cosmic ConeAngle = 18.9195
CCCoh ConeAngle = 7.27926
Exactly 2 CCCoh ConeAngle = 7.27926
CCCoh ConeAngle = 2.78521
Exactly 2 CCCoh ConeAngle = 2.78521
Event = 1370
Cosmic ConeAngle = 7.13231
Exactly 2 Cosmic ConeAngle = 7.13231
CCCoh ConeAngle = 7.64898
Exactly 2 CCCoh ConeAngle = 7.64898
Cosmic ConeAngle = 1.244
Exactly 2 Cosmic ConeAngle = 1.244
CCCoh ConeAngle = 5.95316
Exactly 2 CCCoh ConeAngle = 5.95316
CCCoh ConeAngle = 1.05754
Exactly 2 CCCoh ConeAngle = 1.05754
Cosmic ConeAngle = 2.11645
Exactly 2 Cosmic ConeAngle = 2.11645
CCCoh ConeAngle = 12.1662
Exactly 2 CCCoh ConeAngle = 12.1662
Cosmic ConeAngle = 3.60971
Exactly 2 Cosmic ConeAngle = 3.60971
CCCoh ConeAngle = 11.3973
Exactly 2 CCCoh ConeAngle = 11.3973
Event = 1380
Cosmic ConeAngle = 2.7325
Exactly 2 Cosmic ConeAngle = 2.7325
CCCoh ConeAngle = 6.7382
Exactly 2 CCCoh ConeAngle = 6.7382
Cosmic ConeAngle = 15.8952
Exactly 2 Cosmic ConeAngle = 15.8952
CCCoh ConeAngle = 10.7307
Exactly 2 CCCoh ConeAngle = 10.7307
Cosmic ConeAngle = 14.7611
Exactly 2 Cosmic ConeAngle = 14.7611
CCCoh ConeAngle = 3.94261
Exactly 2 CCCoh ConeAngle = 3.94261
Cosmic ConeAngle = 10.2286
Exactly 2 Cosmic ConeAngle = 10.2286
CCCoh ConeAngle = 3.8769
Exactly 2 CCCoh ConeAngle = 3.8769
Event = 1390
Cosmic ConeAngle = 37.0762
Exactly 2 Cosmic ConeAngle = 37.0762
CCCoh ConeAngle = 3.83339
Exactly 2 CCCoh ConeAngle = 3.83339
Cosmic ConeAngle = 31.4546
Exactly 2 Cosmic ConeAngle = 31.4546
CCCoh ConeAngle = 6.13319
Exactly 2 CCCoh ConeAngle = 6.13319
Cosmic ConeAngle = 0.785893
Exactly 2 Cosmic ConeAngle = 0.785893
CCCoh ConeAngle = 6.27382
Exactly 2 CCCoh ConeAngle = 6.27382
Cosmic ConeAngle = 35.9913
Exactly 2 Cosmic ConeAngle = 35.9913
CCCoh ConeAngle = 8.75082
Exactly 2 CCCoh ConeAngle = 8.75082
CCCoh ConeAngle = 7.0333
Exactly 2 CCCoh ConeAngle = 7.0333
Cosmic ConeAngle = 18.7354
Exactly 2 Cosmic ConeAngle = 18.7354
CCCoh ConeAngle = 13.2846
Exactly 2 CCCoh ConeAngle = 13.2846
Cosmic ConeAngle = 12.0027
Exactly 2 Cosmic ConeAngle = 12.0027
CCCoh ConeAngle = 3.25694
Exactly 2 CCCoh ConeAngle = 3.25694
Event = 1400
Cosmic ConeAngle = 10.3893
Exactly 2 Cosmic ConeAngle = 10.3893
CCCoh ConeAngle = 0.801668
Exactly 2 CCCoh ConeAngle = 0.801668
Event = 1410
Cosmic ConeAngle = 23.1856
Exactly 2 Cosmic ConeAngle = 23.1856
CCCoh ConeAngle = 7.82148
Exactly 2 CCCoh ConeAngle = 7.82148
CCCoh ConeAngle = 5.78451
Exactly 2 CCCoh ConeAngle = 5.78451
CCCoh ConeAngle = 10.28
Exactly 2 CCCoh ConeAngle = 10.28
Cosmic ConeAngle = 24.2384
CCCoh ConeAngle = 8.44574
Cosmic ConeAngle = 33.6819
CCCoh ConeAngle = 3.77228
Cosmic ConeAngle = 13.205
Exactly 2 Cosmic ConeAngle = 13.205
CCCoh ConeAngle = 4.51901
Exactly 2 CCCoh ConeAngle = 4.51901
Event = 1420
Cosmic ConeAngle = 7.05902
Exactly 2 Cosmic ConeAngle = 7.05902
CCCoh ConeAngle = 6.7478
Exactly 2 CCCoh ConeAngle = 6.7478
Cosmic ConeAngle = 13.1141
Exactly 2 Cosmic ConeAngle = 13.1141
CCCoh ConeAngle = 21.4913
Exactly 2 CCCoh ConeAngle = 21.4913
Event = 1430
Cosmic ConeAngle = 25.9943
Exactly 2 Cosmic ConeAngle = 25.9943
Cosmic ConeAngle = 3.22902
Exactly 2 Cosmic ConeAngle = 3.22902
CCCoh ConeAngle = 9.43591
Exactly 2 CCCoh ConeAngle = 9.43591
Event = 1440
CCCoh ConeAngle = 3.71093
Exactly 2 CCCoh ConeAngle = 3.71093
Cosmic ConeAngle = 15.029
Exactly 2 Cosmic ConeAngle = 15.029
CCCoh ConeAngle = 13.3357
Exactly 2 CCCoh ConeAngle = 13.3357
Cosmic ConeAngle = 13.5202
Exactly 2 Cosmic ConeAngle = 13.5202
CCCoh ConeAngle = 6.18901
Exactly 2 CCCoh ConeAngle = 6.18901
Event = 1450
CCCoh ConeAngle = 9.4372
Exactly 2 CCCoh ConeAngle = 9.4372
Event = 1460
Cosmic ConeAngle = 14.0148
Exactly 2 Cosmic ConeAngle = 14.0148
CCCoh ConeAngle = 17.3512
Exactly 2 CCCoh ConeAngle = 17.3512
Cosmic ConeAngle = 18.4294
Exactly 2 Cosmic ConeAngle = 18.4294
CCCoh ConeAngle = 2.48511
Exactly 2 CCCoh ConeAngle = 2.48511
Cosmic ConeAngle = 24.602
Exactly 2 Cosmic ConeAngle = 24.602
CCCoh ConeAngle = 8.18
Exactly 2 CCCoh ConeAngle = 8.18
Cosmic ConeAngle = 6.97884
CCCoh ConeAngle = 1.90346
Event = 1470
Cosmic ConeAngle = 24.6062
Exactly 2 Cosmic ConeAngle = 24.6062
CCCoh ConeAngle = 5.72907
Exactly 2 CCCoh ConeAngle = 5.72907
Event = 1480
Event = 1490
Cosmic ConeAngle = 16.3811
Exactly 2 Cosmic ConeAngle = 16.3811
CCCoh ConeAngle = 13.3188
Exactly 2 CCCoh ConeAngle = 13.3188
Cosmic ConeAngle = 13.4515
Exactly 2 Cosmic ConeAngle = 13.4515
CCCoh ConeAngle = 5.88723
Exactly 2 CCCoh ConeAngle = 5.88723
Event = 1500
Cosmic ConeAngle = 19.9868
Exactly 2 Cosmic ConeAngle = 19.9868
CCCoh ConeAngle = 6.03417
Exactly 2 CCCoh ConeAngle = 6.03417
Cosmic ConeAngle = 8.53123
Exactly 2 Cosmic ConeAngle = 8.53123
Cosmic ConeAngle = 25.0351
Exactly 2 Cosmic ConeAngle = 25.0351
CCCoh ConeAngle = 27.3608
Exactly 2 CCCoh ConeAngle = 27.3608
Event = 1510
Cosmic ConeAngle = 34.8765
Exactly 2 Cosmic ConeAngle = 34.8765
CCCoh ConeAngle = 13.6802
Exactly 2 CCCoh ConeAngle = 13.6802
Cosmic ConeAngle = 27.4296
Exactly 2 Cosmic ConeAngle = 27.4296
CCCoh ConeAngle = 13.8122
Exactly 2 CCCoh ConeAngle = 13.8122
Event = 1520
Cosmic ConeAngle = 1.8802
Exactly 2 Cosmic ConeAngle = 1.8802
CCCoh ConeAngle = 7.8474
Exactly 2 CCCoh ConeAngle = 7.8474
CCCoh ConeAngle = 4.82002
Exactly 2 CCCoh ConeAngle = 4.82002
CCCoh ConeAngle = 4.45779
Event = 1530
Cosmic ConeAngle = 26.0875
Exactly 2 Cosmic ConeAngle = 26.0875
CCCoh ConeAngle = 8.66744
Exactly 2 CCCoh ConeAngle = 8.66744
Cosmic ConeAngle = 17.7597
Exactly 2 Cosmic ConeAngle = 17.7597
CCCoh ConeAngle = 15.4743
Exactly 2 CCCoh ConeAngle = 15.4743
Cosmic ConeAngle = 8.67877
Exactly 2 Cosmic ConeAngle = 8.67877
CCCoh ConeAngle = 23.9295
Exactly 2 CCCoh ConeAngle = 23.9295
Cosmic ConeAngle = 26.3574
Exactly 2 Cosmic ConeAngle = 26.3574
CCCoh ConeAngle = 11.1774
Exactly 2 CCCoh ConeAngle = 11.1774
Cosmic ConeAngle = 1.54242
Exactly 2 Cosmic ConeAngle = 1.54242
CCCoh ConeAngle = 6.0862
Exactly 2 CCCoh ConeAngle = 6.0862
Cosmic ConeAngle = 8.83133
Exactly 2 Cosmic ConeAngle = 8.83133
CCCoh ConeAngle = 7.1336
Exactly 2 CCCoh ConeAngle = 7.1336
Event = 1540
Cosmic ConeAngle = 39.9489
Exactly 2 Cosmic ConeAngle = 39.9489
CCCoh ConeAngle = 5.1908
Exactly 2 CCCoh ConeAngle = 5.1908
Cosmic ConeAngle = 25.2703
Exactly 2 Cosmic ConeAngle = 25.2703
CCCoh ConeAngle = 2.28288
Exactly 2 CCCoh ConeAngle = 2.28288
CCCoh ConeAngle = 6.23564
Exactly 2 CCCoh ConeAngle = 6.23564
Cosmic ConeAngle = 30.4922
Exactly 2 Cosmic ConeAngle = 30.4922
CCCoh ConeAngle = 4.9819
Exactly 2 CCCoh ConeAngle = 4.9819
Cosmic ConeAngle = 12.185
Exactly 2 Cosmic ConeAngle = 12.185
CCCoh ConeAngle = 13.7773
Exactly 2 CCCoh ConeAngle = 13.7773
Cosmic ConeAngle = 28.7726
Exactly 2 Cosmic ConeAngle = 28.7726
CCCoh ConeAngle = 13.0773
Exactly 2 CCCoh ConeAngle = 13.0773
Event = 1550
Cosmic ConeAngle = 27.1813
Exactly 2 Cosmic ConeAngle = 27.1813
CCCoh ConeAngle = 5.92738
Exactly 2 CCCoh ConeAngle = 5.92738
Cosmic ConeAngle = 33.5542
Exactly 2 Cosmic ConeAngle = 33.5542
CCCoh ConeAngle = 5.90905
Exactly 2 CCCoh ConeAngle = 5.90905
Cosmic ConeAngle = 10.4422
CCCoh ConeAngle = 1.58417
Cosmic ConeAngle = 16.7261
Exactly 2 Cosmic ConeAngle = 16.7261
CCCoh ConeAngle = 5.09691
Exactly 2 CCCoh ConeAngle = 5.09691
Cosmic ConeAngle = 7.8444
Exactly 2 Cosmic ConeAngle = 7.8444
CCCoh ConeAngle = 16.7565
Exactly 2 CCCoh ConeAngle = 16.7565
Event = 1560
CCCoh ConeAngle = 7.27777
Exactly 2 CCCoh ConeAngle = 7.27777
Cosmic ConeAngle = 27.8957
Exactly 2 Cosmic ConeAngle = 27.8957
CCCoh ConeAngle = 7.23338
Exactly 2 CCCoh ConeAngle = 7.23338
CCCoh ConeAngle = 8.17472
Exactly 2 CCCoh ConeAngle = 8.17472
CCCoh ConeAngle = 20.2716
Exactly 2 CCCoh ConeAngle = 20.2716
Cosmic ConeAngle = 21.7453
Exactly 2 Cosmic ConeAngle = 21.7453
CCCoh ConeAngle = 6.07789
Exactly 2 CCCoh ConeAngle = 6.07789
Event = 1570
Cosmic ConeAngle = 11.6256
Exactly 2 Cosmic ConeAngle = 11.6256
CCCoh ConeAngle = 7.60071
Exactly 2 CCCoh ConeAngle = 7.60071
Cosmic ConeAngle = 29.3113
Exactly 2 Cosmic ConeAngle = 29.3113
CCCoh ConeAngle = 11.6555
Exactly 2 CCCoh ConeAngle = 11.6555
Cosmic ConeAngle = 7.99181
Exactly 2 Cosmic ConeAngle = 7.99181
CCCoh ConeAngle = 10.7561
Exactly 2 CCCoh ConeAngle = 10.7561
Cosmic ConeAngle = 24.4191
Exactly 2 Cosmic ConeAngle = 24.4191
CCCoh ConeAngle = 3.50233
Exactly 2 CCCoh ConeAngle = 3.50233
Event = 1580
Cosmic ConeAngle = 21.6334
Exactly 2 Cosmic ConeAngle = 21.6334
CCCoh ConeAngle = 11.4784
Exactly 2 CCCoh ConeAngle = 11.4784
Event = 1590
Cosmic ConeAngle = 39.0962
CCCoh ConeAngle = 6.03047
Event = 1600
Cosmic ConeAngle = 14.1353
Exactly 2 Cosmic ConeAngle = 14.1353
Cosmic ConeAngle = 34.0601
Exactly 2 Cosmic ConeAngle = 34.0601
CCCoh ConeAngle = 11.7559
Exactly 2 CCCoh ConeAngle = 11.7559
Cosmic ConeAngle = 24.895
Exactly 2 Cosmic ConeAngle = 24.895
CCCoh ConeAngle = 9.24746
Exactly 2 CCCoh ConeAngle = 9.24746
Cosmic ConeAngle = 18.9031
Exactly 2 Cosmic ConeAngle = 18.9031
Event = 1610
Cosmic ConeAngle = 3.64959
Exactly 2 Cosmic ConeAngle = 3.64959
CCCoh ConeAngle = 2.46193
Exactly 2 CCCoh ConeAngle = 2.46193
Cosmic ConeAngle = 5.10415
Exactly 2 Cosmic ConeAngle = 5.10415
CCCoh ConeAngle = 4.01188
Exactly 2 CCCoh ConeAngle = 4.01188
Event = 1620
Cosmic ConeAngle = 27.4473
Exactly 2 Cosmic ConeAngle = 27.4473
CCCoh ConeAngle = 7.84003
Exactly 2 CCCoh ConeAngle = 7.84003
Cosmic ConeAngle = 9.89571
Exactly 2 Cosmic ConeAngle = 9.89571
CCCoh ConeAngle = 5.50235
Exactly 2 CCCoh ConeAngle = 5.50235
Event = 1630
Cosmic ConeAngle = 35.013
Exactly 2 Cosmic ConeAngle = 35.013
CCCoh ConeAngle = 4.43877
Exactly 2 CCCoh ConeAngle = 4.43877
Cosmic ConeAngle = 12.9077
Exactly 2 Cosmic ConeAngle = 12.9077
CCCoh ConeAngle = 9.14218
Exactly 2 CCCoh ConeAngle = 9.14218
CCCoh ConeAngle = 1.26441
Exactly 2 CCCoh ConeAngle = 1.26441
Cosmic ConeAngle = 27.0349
Exactly 2 Cosmic ConeAngle = 27.0349
CCCoh ConeAngle = 4.83095
Exactly 2 CCCoh ConeAngle = 4.83095
Event = 1640
Cosmic ConeAngle = 35.162
Exactly 2 Cosmic ConeAngle = 35.162
CCCoh ConeAngle = 9.05273
Exactly 2 CCCoh ConeAngle = 9.05273
Cosmic ConeAngle = 13.7094
Exactly 2 Cosmic ConeAngle = 13.7094
CCCoh ConeAngle = 12.3015
Exactly 2 CCCoh ConeAngle = 12.3015
Cosmic ConeAngle = 4.4351
Exactly 2 Cosmic ConeAngle = 4.4351
CCCoh ConeAngle = 5.32673
Exactly 2 CCCoh ConeAngle = 5.32673
Cosmic ConeAngle = 30.3113
Exactly 2 Cosmic ConeAngle = 30.3113
CCCoh ConeAngle = 6.16198
Exactly 2 CCCoh ConeAngle = 6.16198
Cosmic ConeAngle = 39.7992
Exactly 2 Cosmic ConeAngle = 39.7992
CCCoh ConeAngle = 11.4942
Exactly 2 CCCoh ConeAngle = 11.4942
Event = 1650
Cosmic ConeAngle = 31.9893
Exactly 2 Cosmic ConeAngle = 31.9893
CCCoh ConeAngle = 13.3855
Exactly 2 CCCoh ConeAngle = 13.3855
Cosmic ConeAngle = 10.3041
Exactly 2 Cosmic ConeAngle = 10.3041
Cosmic ConeAngle = 3.73031
Exactly 2 Cosmic ConeAngle = 3.73031
CCCoh ConeAngle = 1.12349
Exactly 2 CCCoh ConeAngle = 1.12349
Cosmic ConeAngle = 23.0414
Exactly 2 Cosmic ConeAngle = 23.0414
CCCoh ConeAngle = 17.8878
Exactly 2 CCCoh ConeAngle = 17.8878
Event = 1660
CCCoh ConeAngle = 5.04256
Exactly 2 CCCoh ConeAngle = 5.04256
Event = 1670
Cosmic ConeAngle = 18.7301
Exactly 2 Cosmic ConeAngle = 18.7301
CCCoh ConeAngle = 3.63709
Exactly 2 CCCoh ConeAngle = 3.63709
Cosmic ConeAngle = 37.2358
CCCoh ConeAngle = 18.6211
Cosmic ConeAngle = 30.1592
Exactly 2 Cosmic ConeAngle = 30.1592
CCCoh ConeAngle = 4.64234
Exactly 2 CCCoh ConeAngle = 4.64234
Cosmic ConeAngle = 15.4086
Exactly 2 Cosmic ConeAngle = 15.4086
CCCoh ConeAngle = 12.5068
Exactly 2 CCCoh ConeAngle = 12.5068
Event = 1680
Cosmic ConeAngle = 22.0142
Exactly 2 Cosmic ConeAngle = 22.0142
CCCoh ConeAngle = 4.09924
Exactly 2 CCCoh ConeAngle = 4.09924
Cosmic ConeAngle = 8.52853
Exactly 2 Cosmic ConeAngle = 8.52853
CCCoh ConeAngle = 8.42964
Exactly 2 CCCoh ConeAngle = 8.42964
Cosmic ConeAngle = 25.2457
Exactly 2 Cosmic ConeAngle = 25.2457
CCCoh ConeAngle = 3.35878
Exactly 2 CCCoh ConeAngle = 3.35878
Cosmic ConeAngle = 13.2225
Exactly 2 Cosmic ConeAngle = 13.2225
CCCoh ConeAngle = 9.79747
Exactly 2 CCCoh ConeAngle = 9.79747
Event = 1690
Cosmic ConeAngle = 31.0444
Exactly 2 Cosmic ConeAngle = 31.0444
CCCoh ConeAngle = 3.1005
Exactly 2 CCCoh ConeAngle = 3.1005
Cosmic ConeAngle = 27.3183
Exactly 2 Cosmic ConeAngle = 27.3183
CCCoh ConeAngle = 10.2532
Exactly 2 CCCoh ConeAngle = 10.2532
Cosmic ConeAngle = 1.29545
CCCoh ConeAngle = 2.28329
CCCoh ConeAngle = 17.9909
Event = 1700
Cosmic ConeAngle = 12.4291
Exactly 2 Cosmic ConeAngle = 12.4291
CCCoh ConeAngle = 7.31576
Exactly 2 CCCoh ConeAngle = 7.31576
Cosmic ConeAngle = 17.1167
Exactly 2 Cosmic ConeAngle = 17.1167
CCCoh ConeAngle = 13.6078
Exactly 2 CCCoh ConeAngle = 13.6078
Cosmic ConeAngle = 15.673
CCCoh ConeAngle = 3.6974
Event = 1710
CCCoh ConeAngle = 12.1464
Exactly 2 CCCoh ConeAngle = 12.1464
Cosmic ConeAngle = 9.02542
Exactly 2 Cosmic ConeAngle = 9.02542
CCCoh ConeAngle = 6.03903
Exactly 2 CCCoh ConeAngle = 6.03903
CCCoh ConeAngle = 28.6089
Exactly 2 CCCoh ConeAngle = 28.6089
Cosmic ConeAngle = 10.4353
Exactly 2 Cosmic ConeAngle = 10.4353
CCCoh ConeAngle = 2.72588
Exactly 2 CCCoh ConeAngle = 2.72588
Cosmic ConeAngle = 7.02315
Exactly 2 Cosmic ConeAngle = 7.02315
CCCoh ConeAngle = 18.6106
Exactly 2 CCCoh ConeAngle = 18.6106
Cosmic ConeAngle = 37.0188
Exactly 2 Cosmic ConeAngle = 37.0188
CCCoh ConeAngle = 17.089
Exactly 2 CCCoh ConeAngle = 17.089
CCCoh ConeAngle = 15.1301
Exactly 2 CCCoh ConeAngle = 15.1301
Event = 1720
Cosmic ConeAngle = 22.9529
Exactly 2 Cosmic ConeAngle = 22.9529
CCCoh ConeAngle = 17.6085
Exactly 2 CCCoh ConeAngle = 17.6085
Cosmic ConeAngle = 16.6674
Exactly 2 Cosmic ConeAngle = 16.6674
CCCoh ConeAngle = 20.1423
Exactly 2 CCCoh ConeAngle = 20.1423
CCCoh ConeAngle = 3.86947
Exactly 2 CCCoh ConeAngle = 3.86947
Cosmic ConeAngle = 17.0595
Exactly 2 Cosmic ConeAngle = 17.0595
CCCoh ConeAngle = 8.49496
Exactly 2 CCCoh ConeAngle = 8.49496
CCCoh ConeAngle = 15.432
Exactly 2 CCCoh ConeAngle = 15.432
Cosmic ConeAngle = 37.7557
Exactly 2 Cosmic ConeAngle = 37.7557
CCCoh ConeAngle = 8.92192
Exactly 2 CCCoh ConeAngle = 8.92192
Event = 1730
Cosmic ConeAngle = 10.3644
Exactly 2 Cosmic ConeAngle = 10.3644
CCCoh ConeAngle = 3.10501
Exactly 2 CCCoh ConeAngle = 3.10501
Cosmic ConeAngle = 7.8119
Exactly 2 Cosmic ConeAngle = 7.8119
CCCoh ConeAngle = 7.26962
Exactly 2 CCCoh ConeAngle = 7.26962
Cosmic ConeAngle = 14.6476
Exactly 2 Cosmic ConeAngle = 14.6476
CCCoh ConeAngle = 10.2016
Exactly 2 CCCoh ConeAngle = 10.2016
Cosmic ConeAngle = 3.80117
Exactly 2 Cosmic ConeAngle = 3.80117
CCCoh ConeAngle = 8.27744
Exactly 2 CCCoh ConeAngle = 8.27744
Event = 1740
Cosmic ConeAngle = 39.1905
Exactly 2 Cosmic ConeAngle = 39.1905
CCCoh ConeAngle = 13.8884
Exactly 2 CCCoh ConeAngle = 13.8884
Cosmic ConeAngle = 32.3439
Exactly 2 Cosmic ConeAngle = 32.3439
CCCoh ConeAngle = 12.5995
Exactly 2 CCCoh ConeAngle = 12.5995
Cosmic ConeAngle = 20.2684
Exactly 2 Cosmic ConeAngle = 20.2684
CCCoh ConeAngle = 3.37734
Exactly 2 CCCoh ConeAngle = 3.37734
Event = 1750
CCCoh ConeAngle = 7.22862
Exactly 2 CCCoh ConeAngle = 7.22862
Cosmic ConeAngle = 10.8492
Exactly 2 Cosmic ConeAngle = 10.8492
Cosmic ConeAngle = 2.68013
Exactly 2 Cosmic ConeAngle = 2.68013
CCCoh ConeAngle = 6.16586
Exactly 2 CCCoh ConeAngle = 6.16586
Cosmic ConeAngle = 26.6822
Exactly 2 Cosmic ConeAngle = 26.6822
CCCoh ConeAngle = 4.37482
Exactly 2 CCCoh ConeAngle = 4.37482
Cosmic ConeAngle = 5.90034
Exactly 2 Cosmic ConeAngle = 5.90034
CCCoh ConeAngle = 7.90448
Exactly 2 CCCoh ConeAngle = 7.90448
CCCoh ConeAngle = 1.93476
Exactly 2 CCCoh ConeAngle = 1.93476
Event = 1760
Cosmic ConeAngle = 29.1644
Exactly 2 Cosmic ConeAngle = 29.1644
CCCoh ConeAngle = 14.1107
Exactly 2 CCCoh ConeAngle = 14.1107
Cosmic ConeAngle = 22.0168
Exactly 2 Cosmic ConeAngle = 22.0168
CCCoh ConeAngle = 12.4273
Exactly 2 CCCoh ConeAngle = 12.4273
Cosmic ConeAngle = 27.6683
Exactly 2 Cosmic ConeAngle = 27.6683
CCCoh ConeAngle = 20.3187
Exactly 2 CCCoh ConeAngle = 20.3187
Cosmic ConeAngle = 3.62099
Exactly 2 Cosmic ConeAngle = 3.62099
CCCoh ConeAngle = 2.09203
Exactly 2 CCCoh ConeAngle = 2.09203
Event = 1770
Cosmic ConeAngle = 37.0425
Exactly 2 Cosmic ConeAngle = 37.0425
CCCoh ConeAngle = 7.03347
Exactly 2 CCCoh ConeAngle = 7.03347
Cosmic ConeAngle = 12.8622
Exactly 2 Cosmic ConeAngle = 12.8622
CCCoh ConeAngle = 8.29636
Exactly 2 CCCoh ConeAngle = 8.29636
Cosmic ConeAngle = 4.88334
Exactly 2 Cosmic ConeAngle = 4.88334
CCCoh ConeAngle = 11.7525
Exactly 2 CCCoh ConeAngle = 11.7525
Cosmic ConeAngle = 5.85336
Exactly 2 Cosmic ConeAngle = 5.85336
CCCoh ConeAngle = 12.0382
Exactly 2 CCCoh ConeAngle = 12.0382
Cosmic ConeAngle = 2.11791
Exactly 2 Cosmic ConeAngle = 2.11791
Event = 1780
Cosmic ConeAngle = 3.66376
Exactly 2 Cosmic ConeAngle = 3.66376
CCCoh ConeAngle = 2.25781
Exactly 2 CCCoh ConeAngle = 2.25781
Cosmic ConeAngle = 10.0953
Exactly 2 Cosmic ConeAngle = 10.0953
CCCoh ConeAngle = 5.07752
Exactly 2 CCCoh ConeAngle = 5.07752
Cosmic ConeAngle = 35.2668
Exactly 2 Cosmic ConeAngle = 35.2668
CCCoh ConeAngle = 15.3105
Exactly 2 CCCoh ConeAngle = 15.3105
Event = 1790
CCCoh ConeAngle = 28.4911
Exactly 2 CCCoh ConeAngle = 28.4911
Event = 1800
Cosmic ConeAngle = 37.9481
Exactly 2 Cosmic ConeAngle = 37.9481
CCCoh ConeAngle = 4.96978
Exactly 2 CCCoh ConeAngle = 4.96978
Cosmic ConeAngle = 4.12981
Exactly 2 Cosmic ConeAngle = 4.12981
CCCoh ConeAngle = 30.6815
Exactly 2 CCCoh ConeAngle = 30.6815
Cosmic ConeAngle = 36.0776
Exactly 2 Cosmic ConeAngle = 36.0776
CCCoh ConeAngle = 33.325
Exactly 2 CCCoh ConeAngle = 33.325
Cosmic ConeAngle = 37.1088
Exactly 2 Cosmic ConeAngle = 37.1088
CCCoh ConeAngle = 6.27653
Exactly 2 CCCoh ConeAngle = 6.27653
Event = 1810
CCCoh ConeAngle = 11.2412
Exactly 2 CCCoh ConeAngle = 11.2412
Cosmic ConeAngle = 30.1824
Exactly 2 Cosmic ConeAngle = 30.1824
CCCoh ConeAngle = 2.62488
Exactly 2 CCCoh ConeAngle = 2.62488
CCCoh ConeAngle = 6.07034
Exactly 2 CCCoh ConeAngle = 6.07034
Event = 1820
Cosmic ConeAngle = 12.8081
Exactly 2 Cosmic ConeAngle = 12.8081
CCCoh ConeAngle = 5.71682
Exactly 2 CCCoh ConeAngle = 5.71682
CCCoh ConeAngle = 5.80121
Exactly 2 CCCoh ConeAngle = 5.80121
Cosmic ConeAngle = 3.44513
CCCoh ConeAngle = 22.3162
Cosmic ConeAngle = 30.0265
Exactly 2 Cosmic ConeAngle = 30.0265
CCCoh ConeAngle = 10.7385
Exactly 2 CCCoh ConeAngle = 10.7385
Cosmic ConeAngle = 23.2953
Exactly 2 Cosmic ConeAngle = 23.2953
CCCoh ConeAngle = 4.00226
Exactly 2 CCCoh ConeAngle = 4.00226
Cosmic ConeAngle = 24.1114
Exactly 2 Cosmic ConeAngle = 24.1114
CCCoh ConeAngle = 14.0025
Exactly 2 CCCoh ConeAngle = 14.0025
Event = 1830
Cosmic ConeAngle = 8.9974
Exactly 2 Cosmic ConeAngle = 8.9974
CCCoh ConeAngle = 5.16932
Exactly 2 CCCoh ConeAngle = 5.16932
Cosmic ConeAngle = 7.65231
Exactly 2 Cosmic ConeAngle = 7.65231
CCCoh ConeAngle = 3.77349
Exactly 2 CCCoh ConeAngle = 3.77349
Event = 1840
Cosmic ConeAngle = 3.49225
CCCoh ConeAngle = 10.2666
Event = 1850
Cosmic ConeAngle = 33.8033
Exactly 2 Cosmic ConeAngle = 33.8033
CCCoh ConeAngle = 1.86079
Exactly 2 CCCoh ConeAngle = 1.86079
Cosmic ConeAngle = 30.2753
Exactly 2 Cosmic ConeAngle = 30.2753
CCCoh ConeAngle = 13.928
Exactly 2 CCCoh ConeAngle = 13.928
Cosmic ConeAngle = 0.94341
Exactly 2 Cosmic ConeAngle = 0.94341
CCCoh ConeAngle = 5.79283
Exactly 2 CCCoh ConeAngle = 5.79283
Cosmic ConeAngle = 18.7537
Exactly 2 Cosmic ConeAngle = 18.7537
CCCoh ConeAngle = 19.4734
Exactly 2 CCCoh ConeAngle = 19.4734
Event = 1860
Cosmic ConeAngle = 10.3305
Exactly 2 Cosmic ConeAngle = 10.3305
CCCoh ConeAngle = 10.8561
Exactly 2 CCCoh ConeAngle = 10.8561
Cosmic ConeAngle = 27.0579
Exactly 2 Cosmic ConeAngle = 27.0579
CCCoh ConeAngle = 5.26236
Exactly 2 CCCoh ConeAngle = 5.26236
Cosmic ConeAngle = 22.495
Exactly 2 Cosmic ConeAngle = 22.495
CCCoh ConeAngle = 4.36678
Exactly 2 CCCoh ConeAngle = 4.36678
Event = 1870
Cosmic ConeAngle = 4.40453
Exactly 2 Cosmic ConeAngle = 4.40453
CCCoh ConeAngle = 2.90811
Exactly 2 CCCoh ConeAngle = 2.90811
Cosmic ConeAngle = 27.0455
Exactly 2 Cosmic ConeAngle = 27.0455
CCCoh ConeAngle = 4.48466
Exactly 2 CCCoh ConeAngle = 4.48466
Cosmic ConeAngle = 24.1859
Exactly 2 Cosmic ConeAngle = 24.1859
CCCoh ConeAngle = 6.91381
Exactly 2 CCCoh ConeAngle = 6.91381
Event = 1880
Cosmic ConeAngle = 22.8485
Exactly 2 Cosmic ConeAngle = 22.8485
CCCoh ConeAngle = 11.5804
Exactly 2 CCCoh ConeAngle = 11.5804
Cosmic ConeAngle = 26.6212
Exactly 2 Cosmic ConeAngle = 26.6212
Cosmic ConeAngle = 23.9055
Exactly 2 Cosmic ConeAngle = 23.9055
CCCoh ConeAngle = 13.6765
Exactly 2 CCCoh ConeAngle = 13.6765
Cosmic ConeAngle = 0.846861
Exactly 2 Cosmic ConeAngle = 0.846861
CCCoh ConeAngle = 2.36545
Exactly 2 CCCoh ConeAngle = 2.36545
Cosmic ConeAngle = 6.20386
CCCoh ConeAngle = 8.73922
Event = 1890
Event = 1900
Cosmic ConeAngle = 21.445
Exactly 2 Cosmic ConeAngle = 21.445
CCCoh ConeAngle = 9.18342
Exactly 2 CCCoh ConeAngle = 9.18342
Cosmic ConeAngle = 26.8543
Exactly 2 Cosmic ConeAngle = 26.8543
CCCoh ConeAngle = 1.55991
Exactly 2 CCCoh ConeAngle = 1.55991
Cosmic ConeAngle = 0.807106
Exactly 2 Cosmic ConeAngle = 0.807106
CCCoh ConeAngle = 8.81329
Exactly 2 CCCoh ConeAngle = 8.81329
Cosmic ConeAngle = 28.8805
Exactly 2 Cosmic ConeAngle = 28.8805
CCCoh ConeAngle = 3.1846
Exactly 2 CCCoh ConeAngle = 3.1846
Cosmic ConeAngle = 8.1463
Exactly 2 Cosmic ConeAngle = 8.1463
CCCoh ConeAngle = 8.15481
Exactly 2 CCCoh ConeAngle = 8.15481
Event = 1910
Cosmic ConeAngle = 0.0801473
Exactly 2 Cosmic ConeAngle = 0.0801473
CCCoh ConeAngle = 6.81842
Exactly 2 CCCoh ConeAngle = 6.81842
CCCoh ConeAngle = 2.79686
Exactly 2 CCCoh ConeAngle = 2.79686
Cosmic ConeAngle = 10.725
Exactly 2 Cosmic ConeAngle = 10.725
CCCoh ConeAngle = 4.29372
Exactly 2 CCCoh ConeAngle = 4.29372
Cosmic ConeAngle = 32.5392
Exactly 2 Cosmic ConeAngle = 32.5392
CCCoh ConeAngle = 34.3725
Exactly 2 CCCoh ConeAngle = 34.3725
Cosmic ConeAngle = 17.377
Exactly 2 Cosmic ConeAngle = 17.377
CCCoh ConeAngle = 1.50667
Exactly 2 CCCoh ConeAngle = 1.50667
Event = 1920
Cosmic ConeAngle = 4.78048
Exactly 2 Cosmic ConeAngle = 4.78048
CCCoh ConeAngle = 8.73397
Exactly 2 CCCoh ConeAngle = 8.73397
Cosmic ConeAngle = 6.39857
CCCoh ConeAngle = 6.9276
Cosmic ConeAngle = 16.1897
Exactly 2 Cosmic ConeAngle = 16.1897
CCCoh ConeAngle = 4.92616
Exactly 2 CCCoh ConeAngle = 4.92616
Cosmic ConeAngle = 35.6894
Exactly 2 Cosmic ConeAngle = 35.6894
CCCoh ConeAngle = 20.0272
Exactly 2 CCCoh ConeAngle = 20.0272
Event = 1930
Event = 1940
Cosmic ConeAngle = 20.9611
Exactly 2 Cosmic ConeAngle = 20.9611
CCCoh ConeAngle = 6.3553
Exactly 2 CCCoh ConeAngle = 6.3553
Cosmic ConeAngle = 9.86803
Exactly 2 Cosmic ConeAngle = 9.86803
CCCoh ConeAngle = 9.87662
Exactly 2 CCCoh ConeAngle = 9.87662
Cosmic ConeAngle = 2.4845
CCCoh ConeAngle = 10.5804
Event = 1950
Cosmic ConeAngle = 18.5907
Exactly 2 Cosmic ConeAngle = 18.5907
CCCoh ConeAngle = 11.0921
Exactly 2 CCCoh ConeAngle = 11.0921
Cosmic ConeAngle = 4.84266
Exactly 2 Cosmic ConeAngle = 4.84266
CCCoh ConeAngle = 17.7709
Exactly 2 CCCoh ConeAngle = 17.7709
Cosmic ConeAngle = 24.3022
Exactly 2 Cosmic ConeAngle = 24.3022
CCCoh ConeAngle = 14.3979
Exactly 2 CCCoh ConeAngle = 14.3979
Cosmic ConeAngle = 3.82734
Exactly 2 Cosmic ConeAngle = 3.82734
CCCoh ConeAngle = 8.24416
Exactly 2 CCCoh ConeAngle = 8.24416
Cosmic ConeAngle = 6.32426
Exactly 2 Cosmic ConeAngle = 6.32426
CCCoh ConeAngle = 28.9312
Exactly 2 CCCoh ConeAngle = 28.9312
Event = 1960
Cosmic ConeAngle = 36.9224
Exactly 2 Cosmic ConeAngle = 36.9224
CCCoh ConeAngle = 2.10101
Exactly 2 CCCoh ConeAngle = 2.10101
Event = 1970
CCCoh ConeAngle = 10.6884
Exactly 2 CCCoh ConeAngle = 10.6884
Cosmic ConeAngle = 24.8685
Exactly 2 Cosmic ConeAngle = 24.8685
CCCoh ConeAngle = 6.11178
Exactly 2 CCCoh ConeAngle = 6.11178
Cosmic ConeAngle = 32.4145
Exactly 2 Cosmic ConeAngle = 32.4145
CCCoh ConeAngle = 21.4247
Exactly 2 CCCoh ConeAngle = 21.4247
Cosmic ConeAngle = 26.7024
Exactly 2 Cosmic ConeAngle = 26.7024
CCCoh ConeAngle = 13.89
Exactly 2 CCCoh ConeAngle = 13.89
Event = 1980
Cosmic ConeAngle = 29.523
Exactly 2 Cosmic ConeAngle = 29.523
CCCoh ConeAngle = 6.53012
Exactly 2 CCCoh ConeAngle = 6.53012
CCCoh ConeAngle = 0.699338
Exactly 2 CCCoh ConeAngle = 0.699338
Cosmic ConeAngle = 9.46816
Exactly 2 Cosmic ConeAngle = 9.46816
CCCoh ConeAngle = 1.58498
Exactly 2 CCCoh ConeAngle = 1.58498
Event = 1990
Cosmic ConeAngle = 2.55389
Exactly 2 Cosmic ConeAngle = 2.55389
CCCoh ConeAngle = 0.813514
Exactly 2 CCCoh ConeAngle = 0.813514
Cosmic ConeAngle = 34.9264
Exactly 2 Cosmic ConeAngle = 34.9264
CCCoh ConeAngle = 5.7722
Exactly 2 CCCoh ConeAngle = 5.7722
Cosmic ConeAngle = 27.8604
Exactly 2 Cosmic ConeAngle = 27.8604
CCCoh ConeAngle = 13.426
Exactly 2 CCCoh ConeAngle = 13.426
Event = 2000
Cosmic ConeAngle = 30.7635
CCCoh ConeAngle = 0.820504
Event = 2010
Cosmic ConeAngle = 37.4206
Exactly 2 Cosmic ConeAngle = 37.4206
CCCoh ConeAngle = 16.2431
Exactly 2 CCCoh ConeAngle = 16.2431
CCCoh ConeAngle = 2.71683
Exactly 2 CCCoh ConeAngle = 2.71683
Cosmic ConeAngle = 27.6536
Exactly 2 Cosmic ConeAngle = 27.6536
CCCoh ConeAngle = 0.667867
Exactly 2 CCCoh ConeAngle = 0.667867
Event = 2020
Cosmic ConeAngle = 33.4795
Exactly 2 Cosmic ConeAngle = 33.4795
CCCoh ConeAngle = 9.98351
Exactly 2 CCCoh ConeAngle = 9.98351
CCCoh ConeAngle = 3.95084
Exactly 2 CCCoh ConeAngle = 3.95084
Event = 2030
CCCoh ConeAngle = 14.6045
Exactly 2 CCCoh ConeAngle = 14.6045
Cosmic ConeAngle = 9.7958
Exactly 2 Cosmic ConeAngle = 9.7958
CCCoh ConeAngle = 9.92218
Exactly 2 CCCoh ConeAngle = 9.92218
Cosmic ConeAngle = 22.9193
Exactly 2 Cosmic ConeAngle = 22.9193
CCCoh ConeAngle = 9.44861
Exactly 2 CCCoh ConeAngle = 9.44861
Cosmic ConeAngle = 19.1259
Exactly 2 Cosmic ConeAngle = 19.1259
CCCoh ConeAngle = 10.9946
Exactly 2 CCCoh ConeAngle = 10.9946
Cosmic ConeAngle = 15.3696
Exactly 2 Cosmic ConeAngle = 15.3696
CCCoh ConeAngle = 7.622
Exactly 2 CCCoh ConeAngle = 7.622
Cosmic ConeAngle = 3.96472
Exactly 2 Cosmic ConeAngle = 3.96472
CCCoh ConeAngle = 10.8343
Exactly 2 CCCoh ConeAngle = 10.8343
Event = 2040
Cosmic ConeAngle = 28.5446
Exactly 2 Cosmic ConeAngle = 28.5446
CCCoh ConeAngle = 3.24232
Exactly 2 CCCoh ConeAngle = 3.24232
Cosmic ConeAngle = 23.852
Exactly 2 Cosmic ConeAngle = 23.852
CCCoh ConeAngle = 5.81914
Exactly 2 CCCoh ConeAngle = 5.81914
Cosmic ConeAngle = 7.21367
Exactly 2 Cosmic ConeAngle = 7.21367
CCCoh ConeAngle = 3.924
Exactly 2 CCCoh ConeAngle = 3.924
Cosmic ConeAngle = 14.6421
Exactly 2 Cosmic ConeAngle = 14.6421
CCCoh ConeAngle = 7.50389
Exactly 2 CCCoh ConeAngle = 7.50389
Cosmic ConeAngle = 36.8297
Exactly 2 Cosmic ConeAngle = 36.8297
CCCoh ConeAngle = 14.0943
Exactly 2 CCCoh ConeAngle = 14.0943
Event = 2050
CCCoh ConeAngle = 3.40826
Exactly 2 CCCoh ConeAngle = 3.40826
Cosmic ConeAngle = 4.72264
Exactly 2 Cosmic ConeAngle = 4.72264
CCCoh ConeAngle = 2.90518
Exactly 2 CCCoh ConeAngle = 2.90518
CCCoh ConeAngle = 6.6067
Exactly 2 CCCoh ConeAngle = 6.6067
Event = 2060
Cosmic ConeAngle = 6.86525
Exactly 2 Cosmic ConeAngle = 6.86525
CCCoh ConeAngle = 8.19716
Exactly 2 CCCoh ConeAngle = 8.19716
Cosmic ConeAngle = 5.26348
Exactly 2 Cosmic ConeAngle = 5.26348
CCCoh ConeAngle = 8.38725
Exactly 2 CCCoh ConeAngle = 8.38725
Event = 2070
Cosmic ConeAngle = 6.83298
Exactly 2 Cosmic ConeAngle = 6.83298
CCCoh ConeAngle = 4.80592
Exactly 2 CCCoh ConeAngle = 4.80592
Event = 2080
CCCoh ConeAngle = 14.9187
Exactly 2 CCCoh ConeAngle = 14.9187
CCCoh ConeAngle = 2.89337
Exactly 2 CCCoh ConeAngle = 2.89337
Cosmic ConeAngle = 21.0856
Exactly 2 Cosmic ConeAngle = 21.0856
CCCoh ConeAngle = 19.347
Exactly 2 CCCoh ConeAngle = 19.347
Event = 2090
Cosmic ConeAngle = 30.0306
Exactly 2 Cosmic ConeAngle = 30.0306
CCCoh ConeAngle = 8.15984
Exactly 2 CCCoh ConeAngle = 8.15984
Cosmic ConeAngle = 4.62228
Exactly 2 Cosmic ConeAngle = 4.62228
CCCoh ConeAngle = 26.4908
Exactly 2 CCCoh ConeAngle = 26.4908
Cosmic ConeAngle = 21.3838
Exactly 2 Cosmic ConeAngle = 21.3838
CCCoh ConeAngle = 5.72403
Exactly 2 CCCoh ConeAngle = 5.72403
Event = 2100
Cosmic ConeAngle = 25.4241
Exactly 2 Cosmic ConeAngle = 25.4241
CCCoh ConeAngle = 15.5847
Exactly 2 CCCoh ConeAngle = 15.5847
Cosmic ConeAngle = 25.2151
Exactly 2 Cosmic ConeAngle = 25.2151
CCCoh ConeAngle = 6.77998
Exactly 2 CCCoh ConeAngle = 6.77998
Event = 2110
Cosmic ConeAngle = 14.5005
Exactly 2 Cosmic ConeAngle = 14.5005
CCCoh ConeAngle = 14.1536
Exactly 2 CCCoh ConeAngle = 14.1536
Cosmic ConeAngle = 28.9853
Exactly 2 Cosmic ConeAngle = 28.9853
CCCoh ConeAngle = 10.1648
Exactly 2 CCCoh ConeAngle = 10.1648
Cosmic ConeAngle = 25.9575
Exactly 2 Cosmic ConeAngle = 25.9575
CCCoh ConeAngle = 9.26052
Exactly 2 CCCoh ConeAngle = 9.26052
Cosmic ConeAngle = 8.76331
Exactly 2 Cosmic ConeAngle = 8.76331
CCCoh ConeAngle = 6.78118
Exactly 2 CCCoh ConeAngle = 6.78118
Cosmic ConeAngle = 0.977546
Exactly 2 Cosmic ConeAngle = 0.977546
CCCoh ConeAngle = 10.3886
Exactly 2 CCCoh ConeAngle = 10.3886
Event = 2120
Cosmic ConeAngle = 18.4924
Exactly 2 Cosmic ConeAngle = 18.4924
CCCoh ConeAngle = 5.39346
Exactly 2 CCCoh ConeAngle = 5.39346
Cosmic ConeAngle = 38.4861
Exactly 2 Cosmic ConeAngle = 38.4861
CCCoh ConeAngle = 7.3508
Exactly 2 CCCoh ConeAngle = 7.3508
CCCoh ConeAngle = 5.84056
Exactly 2 CCCoh ConeAngle = 5.84056
Cosmic ConeAngle = 18.8959
Exactly 2 Cosmic ConeAngle = 18.8959
CCCoh ConeAngle = 11.3624
Exactly 2 CCCoh ConeAngle = 11.3624
Event = 2130
Cosmic ConeAngle = 14.7833
CCCoh ConeAngle = 7.76939
Cosmic ConeAngle = 4.59822
Exactly 2 Cosmic ConeAngle = 4.59822
CCCoh ConeAngle = 20.8532
Exactly 2 CCCoh ConeAngle = 20.8532
Event = 2140
Cosmic ConeAngle = 5.2486
Exactly 2 Cosmic ConeAngle = 5.2486
CCCoh ConeAngle = 13.0015
Exactly 2 CCCoh ConeAngle = 13.0015
Event = 2150
Cosmic ConeAngle = 4.27218
Exactly 2 Cosmic ConeAngle = 4.27218
CCCoh ConeAngle = 6.75075
Exactly 2 CCCoh ConeAngle = 6.75075
Cosmic ConeAngle = 35.6787
Exactly 2 Cosmic ConeAngle = 35.6787
CCCoh ConeAngle = 8.18002
Exactly 2 CCCoh ConeAngle = 8.18002
Cosmic ConeAngle = 16.7456
Exactly 2 Cosmic ConeAngle = 16.7456
CCCoh ConeAngle = 8.03697
Exactly 2 CCCoh ConeAngle = 8.03697
Cosmic ConeAngle = 8.0066
Exactly 2 Cosmic ConeAngle = 8.0066
CCCoh ConeAngle = 18.7997
Exactly 2 CCCoh ConeAngle = 18.7997
Event = 2160
CCCoh ConeAngle = 22.1844
Exactly 2 CCCoh ConeAngle = 22.1844
Cosmic ConeAngle = 24.5189
Exactly 2 Cosmic ConeAngle = 24.5189
CCCoh ConeAngle = 4.22336
Exactly 2 CCCoh ConeAngle = 4.22336
CCCoh ConeAngle = 5.0968
CCCoh ConeAngle = 6.92341
Exactly 2 CCCoh ConeAngle = 6.92341
Event = 2170
Cosmic ConeAngle = 7.44818
Exactly 2 Cosmic ConeAngle = 7.44818
Event = 2180
Cosmic ConeAngle = 24.663
Exactly 2 Cosmic ConeAngle = 24.663
CCCoh ConeAngle = 16.1154
Exactly 2 CCCoh ConeAngle = 16.1154
Cosmic ConeAngle = 31.0497
Exactly 2 Cosmic ConeAngle = 31.0497
CCCoh ConeAngle = 14.6529
Exactly 2 CCCoh ConeAngle = 14.6529
Event = 2190
Cosmic ConeAngle = 17.4247
Exactly 2 Cosmic ConeAngle = 17.4247
CCCoh ConeAngle = 9.60435
Exactly 2 CCCoh ConeAngle = 9.60435
Cosmic ConeAngle = 15.5205
Exactly 2 Cosmic ConeAngle = 15.5205
CCCoh ConeAngle = 4.77595
Exactly 2 CCCoh ConeAngle = 4.77595
Cosmic ConeAngle = 26.3321
Exactly 2 Cosmic ConeAngle = 26.3321
CCCoh ConeAngle = 5.95871
Exactly 2 CCCoh ConeAngle = 5.95871
Event = 2200
Cosmic ConeAngle = 8.41977
Exactly 2 Cosmic ConeAngle = 8.41977
CCCoh ConeAngle = 26.7585
Exactly 2 CCCoh ConeAngle = 26.7585
Cosmic ConeAngle = 18.5315
Exactly 2 Cosmic ConeAngle = 18.5315
CCCoh ConeAngle = 5.3169
Exactly 2 CCCoh ConeAngle = 5.3169
Cosmic ConeAngle = 18.1445
Exactly 2 Cosmic ConeAngle = 18.1445
CCCoh ConeAngle = 11.494
Exactly 2 CCCoh ConeAngle = 11.494
Cosmic ConeAngle = 0.984857
Exactly 2 Cosmic ConeAngle = 0.984857
CCCoh ConeAngle = 4.65372
Exactly 2 CCCoh ConeAngle = 4.65372
Event = 2210
CCCoh ConeAngle = 15.4703
Exactly 2 CCCoh ConeAngle = 15.4703
Cosmic ConeAngle = 12.8497
Exactly 2 Cosmic ConeAngle = 12.8497
CCCoh ConeAngle = 33.5068
Exactly 2 CCCoh ConeAngle = 33.5068
Cosmic ConeAngle = 10.8169
Exactly 2 Cosmic ConeAngle = 10.8169
CCCoh ConeAngle = 16.6066
Exactly 2 CCCoh ConeAngle = 16.6066
Event = 2220
Cosmic ConeAngle = 26.3638
Exactly 2 Cosmic ConeAngle = 26.3638
CCCoh ConeAngle = 7.29434
Exactly 2 CCCoh ConeAngle = 7.29434
Cosmic ConeAngle = 19.3932
Exactly 2 Cosmic ConeAngle = 19.3932
CCCoh ConeAngle = 25.2075
Exactly 2 CCCoh ConeAngle = 25.2075
Cosmic ConeAngle = 22.9312
Exactly 2 Cosmic ConeAngle = 22.9312
CCCoh ConeAngle = 8.85758
Exactly 2 CCCoh ConeAngle = 8.85758
Event = 2230
Cosmic ConeAngle = 36.774
Exactly 2 Cosmic ConeAngle = 36.774
CCCoh ConeAngle = 5.66377
Exactly 2 CCCoh ConeAngle = 5.66377
Cosmic ConeAngle = 4.30328
Exactly 2 Cosmic ConeAngle = 4.30328
CCCoh ConeAngle = 6.10491
Exactly 2 CCCoh ConeAngle = 6.10491
Cosmic ConeAngle = 10.382
Exactly 2 Cosmic ConeAngle = 10.382
CCCoh ConeAngle = 17.079
Exactly 2 CCCoh ConeAngle = 17.079
Cosmic ConeAngle = 23.8161
Exactly 2 Cosmic ConeAngle = 23.8161
CCCoh ConeAngle = 5.86274
Exactly 2 CCCoh ConeAngle = 5.86274
Cosmic ConeAngle = 11.4381
Exactly 2 Cosmic ConeAngle = 11.4381
CCCoh ConeAngle = 8.32478
Exactly 2 CCCoh ConeAngle = 8.32478
Cosmic ConeAngle = 17.2429
Exactly 2 Cosmic ConeAngle = 17.2429
CCCoh ConeAngle = 12.1696
Exactly 2 CCCoh ConeAngle = 12.1696
Event = 2240
Cosmic ConeAngle = 22.8375
Exactly 2 Cosmic ConeAngle = 22.8375
CCCoh ConeAngle = 9.19173
Exactly 2 CCCoh ConeAngle = 9.19173
Cosmic ConeAngle = 16.0911
Exactly 2 Cosmic ConeAngle = 16.0911
CCCoh ConeAngle = 4.92123
Exactly 2 CCCoh ConeAngle = 4.92123
Cosmic ConeAngle = 5.50532
Exactly 2 Cosmic ConeAngle = 5.50532
CCCoh ConeAngle = 3.85496
Exactly 2 CCCoh ConeAngle = 3.85496
Event = 2250
CCCoh ConeAngle = 10.8761
Exactly 2 CCCoh ConeAngle = 10.8761
Cosmic ConeAngle = 19.7335
Exactly 2 Cosmic ConeAngle = 19.7335
CCCoh ConeAngle = 3.44904
Exactly 2 CCCoh ConeAngle = 3.44904
Cosmic ConeAngle = 7.28584
Exactly 2 Cosmic ConeAngle = 7.28584
CCCoh ConeAngle = 2.51847
Exactly 2 CCCoh ConeAngle = 2.51847
Event = 2260
Cosmic ConeAngle = 15.2878
Exactly 2 Cosmic ConeAngle = 15.2878
CCCoh ConeAngle = 16.7604
Exactly 2 CCCoh ConeAngle = 16.7604
Cosmic ConeAngle = 34.5315
Exactly 2 Cosmic ConeAngle = 34.5315
CCCoh ConeAngle = 20.6008
Exactly 2 CCCoh ConeAngle = 20.6008
Cosmic ConeAngle = 33.5827
Exactly 2 Cosmic ConeAngle = 33.5827
CCCoh ConeAngle = 8.94626
Exactly 2 CCCoh ConeAngle = 8.94626
Event = 2270
Cosmic ConeAngle = 1.13035
Exactly 2 Cosmic ConeAngle = 1.13035
CCCoh ConeAngle = 26.4458
Exactly 2 CCCoh ConeAngle = 26.4458
Cosmic ConeAngle = 39.8367
Exactly 2 Cosmic ConeAngle = 39.8367
CCCoh ConeAngle = 3.96995
Exactly 2 CCCoh ConeAngle = 3.96995
CCCoh ConeAngle = 16.6117
Exactly 2 CCCoh ConeAngle = 16.6117
Event = 2280
Cosmic ConeAngle = 14.2981
Exactly 2 Cosmic ConeAngle = 14.2981
Cosmic ConeAngle = 4.90961
Exactly 2 Cosmic ConeAngle = 4.90961
CCCoh ConeAngle = 1.68473
Exactly 2 CCCoh ConeAngle = 1.68473
CCCoh ConeAngle = 20.0855
Event = 2290
CCCoh ConeAngle = 7.90654
Exactly 2 CCCoh ConeAngle = 7.90654
Cosmic ConeAngle = 35.1686
Exactly 2 Cosmic ConeAngle = 35.1686
CCCoh ConeAngle = 7.04634
Exactly 2 CCCoh ConeAngle = 7.04634
Cosmic ConeAngle = 31.7943
Exactly 2 Cosmic ConeAngle = 31.7943
CCCoh ConeAngle = 13.8309
Exactly 2 CCCoh ConeAngle = 13.8309
Event = 2300
Cosmic ConeAngle = 25.6626
Exactly 2 Cosmic ConeAngle = 25.6626
CCCoh ConeAngle = 1.30466
Exactly 2 CCCoh ConeAngle = 1.30466
Cosmic ConeAngle = 29.139
Exactly 2 Cosmic ConeAngle = 29.139
CCCoh ConeAngle = 14.1605
Exactly 2 CCCoh ConeAngle = 14.1605
Cosmic ConeAngle = 19.7136
Exactly 2 Cosmic ConeAngle = 19.7136
CCCoh ConeAngle = 6.31385
Exactly 2 CCCoh ConeAngle = 6.31385
Cosmic ConeAngle = 6.91091
CCCoh ConeAngle = 8.06514
Event = 2310
Cosmic ConeAngle = 39.4818
Exactly 2 Cosmic ConeAngle = 39.4818
CCCoh ConeAngle = 2.88999
Exactly 2 CCCoh ConeAngle = 2.88999
Cosmic ConeAngle = 34.4613
Exactly 2 Cosmic ConeAngle = 34.4613
CCCoh ConeAngle = 4.23452
Exactly 2 CCCoh ConeAngle = 4.23452
Event = 2320
CCCoh ConeAngle = 5.04453
Exactly 2 CCCoh ConeAngle = 5.04453
Cosmic ConeAngle = 27.952
Exactly 2 Cosmic ConeAngle = 27.952
CCCoh ConeAngle = 17.2684
Exactly 2 CCCoh ConeAngle = 17.2684
Cosmic ConeAngle = 8.12324
Exactly 2 Cosmic ConeAngle = 8.12324
CCCoh ConeAngle = 6.44476
Exactly 2 CCCoh ConeAngle = 6.44476
Cosmic ConeAngle = 6.17587
Exactly 2 Cosmic ConeAngle = 6.17587
CCCoh ConeAngle = 5.16124
Exactly 2 CCCoh ConeAngle = 5.16124
Event = 2330
Cosmic ConeAngle = 5.79848
Exactly 2 Cosmic ConeAngle = 5.79848
CCCoh ConeAngle = 21.344
Exactly 2 CCCoh ConeAngle = 21.344
Cosmic ConeAngle = 23.6109
Exactly 2 Cosmic ConeAngle = 23.6109
CCCoh ConeAngle = 5.44413
Exactly 2 CCCoh ConeAngle = 5.44413
Cosmic ConeAngle = 11.024
Exactly 2 Cosmic ConeAngle = 11.024
CCCoh ConeAngle = 5.5407
Exactly 2 CCCoh ConeAngle = 5.5407
Cosmic ConeAngle = 18.2582
Exactly 2 Cosmic ConeAngle = 18.2582
CCCoh ConeAngle = 12.623
Exactly 2 CCCoh ConeAngle = 12.623
Event = 2340
Cosmic ConeAngle = 30.5729
Exactly 2 Cosmic ConeAngle = 30.5729
CCCoh ConeAngle = 6.80323
Exactly 2 CCCoh ConeAngle = 6.80323
Cosmic ConeAngle = 1.36902
Exactly 2 Cosmic ConeAngle = 1.36902
CCCoh ConeAngle = 12.8699
Exactly 2 CCCoh ConeAngle = 12.8699
Cosmic ConeAngle = 13.2297
Exactly 2 Cosmic ConeAngle = 13.2297
CCCoh ConeAngle = 10.3383
Exactly 2 CCCoh ConeAngle = 10.3383
Cosmic ConeAngle = 29.0898
Exactly 2 Cosmic ConeAngle = 29.0898
CCCoh ConeAngle = 2.10633
Exactly 2 CCCoh ConeAngle = 2.10633
Cosmic ConeAngle = 9.67299
Exactly 2 Cosmic ConeAngle = 9.67299
Event = 2350
CCCoh ConeAngle = 22.0785
Exactly 2 CCCoh ConeAngle = 22.0785
Cosmic ConeAngle = 22.8946
Exactly 2 Cosmic ConeAngle = 22.8946
CCCoh ConeAngle = 6.14272
Exactly 2 CCCoh ConeAngle = 6.14272
Cosmic ConeAngle = 14.0103
Exactly 2 Cosmic ConeAngle = 14.0103
CCCoh ConeAngle = 3.09033
Exactly 2 CCCoh ConeAngle = 3.09033
Event = 2360
Cosmic ConeAngle = 31.1754
Exactly 2 Cosmic ConeAngle = 31.1754
Cosmic ConeAngle = 5.53959
Exactly 2 Cosmic ConeAngle = 5.53959
CCCoh ConeAngle = 2.69956
Exactly 2 CCCoh ConeAngle = 2.69956
Cosmic ConeAngle = 11.662
Exactly 2 Cosmic ConeAngle = 11.662
CCCoh ConeAngle = 7.37518
Exactly 2 CCCoh ConeAngle = 7.37518
Cosmic ConeAngle = 29.6737
Exactly 2 Cosmic ConeAngle = 29.6737
Event = 2370
Cosmic ConeAngle = 30.2504
Exactly 2 Cosmic ConeAngle = 30.2504
CCCoh ConeAngle = 3.78561
Exactly 2 CCCoh ConeAngle = 3.78561
CCCoh ConeAngle = 7.97493
Exactly 2 CCCoh ConeAngle = 7.97493
Cosmic ConeAngle = 16.6499
CCCoh ConeAngle = 5.0406
Event = 2380
Cosmic ConeAngle = 3.25652
Exactly 2 Cosmic ConeAngle = 3.25652
CCCoh ConeAngle = 14.205
Exactly 2 CCCoh ConeAngle = 14.205
Cosmic ConeAngle = 11.2053
Exactly 2 Cosmic ConeAngle = 11.2053
CCCoh ConeAngle = 3.72605
Exactly 2 CCCoh ConeAngle = 3.72605
Event = 2390
Cosmic ConeAngle = 6.37329
CCCoh ConeAngle = 4.50683
Cosmic ConeAngle = 2.02902
Exactly 2 Cosmic ConeAngle = 2.02902
CCCoh ConeAngle = 6.51538
Exactly 2 CCCoh ConeAngle = 6.51538
Cosmic ConeAngle = 13.0764
Exactly 2 Cosmic ConeAngle = 13.0764
CCCoh ConeAngle = 10.945
Exactly 2 CCCoh ConeAngle = 10.945
Cosmic ConeAngle = 15.0904
Exactly 2 Cosmic ConeAngle = 15.0904
CCCoh ConeAngle = 7.12035
Exactly 2 CCCoh ConeAngle = 7.12035
Event = 2400
CCCoh ConeAngle = 5.45442
Exactly 2 CCCoh ConeAngle = 5.45442
Cosmic ConeAngle = 27.2438
Exactly 2 Cosmic ConeAngle = 27.2438
CCCoh ConeAngle = 7.24142
Exactly 2 CCCoh ConeAngle = 7.24142
Event = 2410
Cosmic ConeAngle = 3.87093
Exactly 2 Cosmic ConeAngle = 3.87093
CCCoh ConeAngle = 3.21234
Exactly 2 CCCoh ConeAngle = 3.21234
Cosmic ConeAngle = 32.2711
CCCoh ConeAngle = 1.41242
Cosmic ConeAngle = 8.55634
Exactly 2 Cosmic ConeAngle = 8.55634
CCCoh ConeAngle = 10.9628
Exactly 2 CCCoh ConeAngle = 10.9628
Event = 2420
Cosmic ConeAngle = 21.1373
Exactly 2 Cosmic ConeAngle = 21.1373
CCCoh ConeAngle = 4.68089
Exactly 2 CCCoh ConeAngle = 4.68089
Cosmic ConeAngle = 16.9895
Exactly 2 Cosmic ConeAngle = 16.9895
CCCoh ConeAngle = 7.40354
Exactly 2 CCCoh ConeAngle = 7.40354
Cosmic ConeAngle = 13.0864
Exactly 2 Cosmic ConeAngle = 13.0864
CCCoh ConeAngle = 3.42886
Exactly 2 CCCoh ConeAngle = 3.42886
Cosmic ConeAngle = 18.1229
Exactly 2 Cosmic ConeAngle = 18.1229
CCCoh ConeAngle = 10.0698
Exactly 2 CCCoh ConeAngle = 10.0698
Cosmic ConeAngle = 30.5601
Exactly 2 Cosmic ConeAngle = 30.5601
CCCoh ConeAngle = 14.0871
Exactly 2 CCCoh ConeAngle = 14.0871
CCCoh ConeAngle = 19.6474
Exactly 2 CCCoh ConeAngle = 19.6474
Cosmic ConeAngle = 20.6182
Exactly 2 Cosmic ConeAngle = 20.6182
CCCoh ConeAngle = 11.8394
Exactly 2 CCCoh ConeAngle = 11.8394
Event = 2430
Cosmic ConeAngle = 16.8827
Exactly 2 Cosmic ConeAngle = 16.8827
CCCoh ConeAngle = 19.5913
Exactly 2 CCCoh ConeAngle = 19.5913
Cosmic ConeAngle = 1.17324
Exactly 2 Cosmic ConeAngle = 1.17324
CCCoh ConeAngle = 7.66309
Exactly 2 CCCoh ConeAngle = 7.66309
Cosmic ConeAngle = 6.56791
Exactly 2 Cosmic ConeAngle = 6.56791
CCCoh ConeAngle = 14.6314
Exactly 2 CCCoh ConeAngle = 14.6314
Event = 2440
CCCoh ConeAngle = 24.1335
Exactly 2 CCCoh ConeAngle = 24.1335
CCCoh ConeAngle = 3.95264
Exactly 2 CCCoh ConeAngle = 3.95264
Cosmic ConeAngle = 29.464
Exactly 2 Cosmic ConeAngle = 29.464
Event = 2450
Cosmic ConeAngle = 24.2337
Exactly 2 Cosmic ConeAngle = 24.2337
CCCoh ConeAngle = 4.22787
Exactly 2 CCCoh ConeAngle = 4.22787
Cosmic ConeAngle = 2.50267
Exactly 2 Cosmic ConeAngle = 2.50267
CCCoh ConeAngle = 7.81528
Exactly 2 CCCoh ConeAngle = 7.81528
CCCoh ConeAngle = 12.627
Exactly 2 CCCoh ConeAngle = 12.627
Cosmic ConeAngle = 11.1419
Exactly 2 Cosmic ConeAngle = 11.1419
CCCoh ConeAngle = 13.0944
Exactly 2 CCCoh ConeAngle = 13.0944
Cosmic ConeAngle = 20.6438
CCCoh ConeAngle = 2.10135
CCCoh ConeAngle = 28.9374
Exactly 2 CCCoh ConeAngle = 28.9374
Cosmic ConeAngle = 21.2232
Exactly 2 Cosmic ConeAngle = 21.2232
CCCoh ConeAngle = 19.2657
Exactly 2 CCCoh ConeAngle = 19.2657
Event = 2460
CCCoh ConeAngle = 10.7815
Exactly 2 CCCoh ConeAngle = 10.7815
Cosmic ConeAngle = 11.0226
CCCoh ConeAngle = 1.65169
Event = 2470
Cosmic ConeAngle = 5.87139
Exactly 2 Cosmic ConeAngle = 5.87139
CCCoh ConeAngle = 5.12504
Exactly 2 CCCoh ConeAngle = 5.12504
CCCoh ConeAngle = 15.3578
Exactly 2 CCCoh ConeAngle = 15.3578
CCCoh ConeAngle = 1.96359
Exactly 2 CCCoh ConeAngle = 1.96359
Event = 2480
Cosmic ConeAngle = 11.4104
Exactly 2 Cosmic ConeAngle = 11.4104
CCCoh ConeAngle = 21.6701
Exactly 2 CCCoh ConeAngle = 21.6701
CCCoh ConeAngle = 2.99688
Exactly 2 CCCoh ConeAngle = 2.99688
CCCoh ConeAngle = 11.3633
Exactly 2 CCCoh ConeAngle = 11.3633
Event = 2490
CCCoh ConeAngle = 14.2741
Exactly 2 CCCoh ConeAngle = 14.2741
Cosmic ConeAngle = 8.85829
Exactly 2 Cosmic ConeAngle = 8.85829
CCCoh ConeAngle = 5.02736
Exactly 2 CCCoh ConeAngle = 5.02736
Cosmic ConeAngle = 8.14312
CCCoh ConeAngle = 7.11259
CCCoh ConeAngle = 7.27528
Exactly 2 CCCoh ConeAngle = 7.27528
Event = 2500
Cosmic ConeAngle = 7.06986
Exactly 2 Cosmic ConeAngle = 7.06986
CCCoh ConeAngle = 9.75106
Exactly 2 CCCoh ConeAngle = 9.75106
Cosmic ConeAngle = 22.0728
Exactly 2 Cosmic ConeAngle = 22.0728
CCCoh ConeAngle = 18.6046
Exactly 2 CCCoh ConeAngle = 18.6046
Cosmic ConeAngle = 15.5206
Exactly 2 Cosmic ConeAngle = 15.5206
CCCoh ConeAngle = 11.4341
Exactly 2 CCCoh ConeAngle = 11.4341
Event = 2510
Cosmic ConeAngle = 6.52869
Exactly 2 Cosmic ConeAngle = 6.52869
CCCoh ConeAngle = 15.1155
Exactly 2 CCCoh ConeAngle = 15.1155
Cosmic ConeAngle = 39.6713
Exactly 2 Cosmic ConeAngle = 39.6713
CCCoh ConeAngle = 7.85764
Exactly 2 CCCoh ConeAngle = 7.85764
Cosmic ConeAngle = 0.199816
Exactly 2 Cosmic ConeAngle = 0.199816
CCCoh ConeAngle = 13.1835
Exactly 2 CCCoh ConeAngle = 13.1835
Cosmic ConeAngle = 12.7465
Exactly 2 Cosmic ConeAngle = 12.7465
CCCoh ConeAngle = 10.52
Exactly 2 CCCoh ConeAngle = 10.52
CCCoh ConeAngle = 11.6411
Exactly 2 CCCoh ConeAngle = 11.6411
Event = 2520
Cosmic ConeAngle = 8.93049
Exactly 2 Cosmic ConeAngle = 8.93049
CCCoh ConeAngle = 7.16264
Exactly 2 CCCoh ConeAngle = 7.16264
