
Processing RunMeBKGD.C...
(NewAnalysisBKGD &) @0x7fcd06dc3000
nentries = 190289
Event = 0
Event = 10
Event = 20
Cosmic ConeAngle = 11.7803
Exactly 2 Cosmic ConeAngle = 11.7803
Cosmic ConeAngle = 6.89888
Event = 30
Cosmic ConeAngle = 16.1313
Exactly 2 Cosmic ConeAngle = 16.1313
CCQE ConeAngle = 34.2889
Exactly 2 CCQE ConeAngle = 34.2889
Event = 40
CCRes ConeAngle = 14.3744
Event = 50
Cosmic ConeAngle = 39.4028
CCRes ConeAngle = 7.66535
Cosmic ConeAngle = 28.2551
Exactly 2 Cosmic ConeAngle = 28.2551
Cosmic ConeAngle = 4.81717
CCDIS ConeAngle = 38.445
Cosmic ConeAngle = 31.0801
Event = 60
CCRes ConeAngle = 22.754
Event = 70
Cosmic ConeAngle = 7.83055
CCRes ConeAngle = 21.7721
Cosmic ConeAngle = 4.66341
Exactly 2 Cosmic ConeAngle = 4.66341
CCRes ConeAngle = 17.9941
Exactly 2 CCRes ConeAngle = 17.9941
Event = 80
Cosmic ConeAngle = 4.72622
Cosmic ConeAngle = 27.8758
Exactly 2 Cosmic ConeAngle = 27.8758
Cosmic ConeAngle = 2.97232
Cosmic ConeAngle = 3.42484
CCRes ConeAngle = 21.463
Event = 90
Cosmic ConeAngle = 18.3825
Exactly 2 Cosmic ConeAngle = 18.3825
CCRes ConeAngle = 17.5301
Exactly 2 CCRes ConeAngle = 17.5301
Event = 100
Cosmic ConeAngle = 6.09143
Exactly 2 Cosmic ConeAngle = 6.09143
Cosmic ConeAngle = 20.2729
CCRes ConeAngle = 19.3281
Event = 110
Cosmic ConeAngle = 3.54363
Cosmic ConeAngle = 23.4294
Exactly 2 Cosmic ConeAngle = 23.4294
Cosmic ConeAngle = 20.0515
Exactly 2 Cosmic ConeAngle = 20.0515
Cosmic ConeAngle = 18.8306
NCRes ConeAngle = 19.5003
Cosmic ConeAngle = 0.467397
Event = 120
Cosmic ConeAngle = 32.388
Exactly 2 Cosmic ConeAngle = 32.388
CCQE ConeAngle = 18.9499
Exactly 2 CCQE ConeAngle = 18.9499
Cosmic ConeAngle = 9.56829
Event = 130
Cosmic ConeAngle = 5.33775
Exactly 2 Cosmic ConeAngle = 5.33775
Event = 140
Cosmic ConeAngle = 12.599
Cosmic ConeAngle = 26.9317
CCQE ConeAngle = 26.142
Event = 150
CCRes ConeAngle = 22.2032
Cosmic ConeAngle = 8.73598
NCRes ConeAngle = 8.72108
Cosmic ConeAngle = 23.5715
CCDIS ConeAngle = 15.7117
Cosmic ConeAngle = 0.05952
Event = 160
Cosmic ConeAngle = 5.42648
Event = 170
Cosmic ConeAngle = 10.0394
Exactly 2 Cosmic ConeAngle = 10.0394
Cosmic ConeAngle = 29.3169
Cosmic ConeAngle = 27.1598
CCRes ConeAngle = 11.4202
Cosmic ConeAngle = 10.9275
CCDIS ConeAngle = 35.2793
Exactly 2 CCDIS ConeAngle = 35.2793
Event = 180
Cosmic ConeAngle = 19.045
Cosmic ConeAngle = 32.5601
CCRes ConeAngle = 22.8393
Event = 190
Cosmic ConeAngle = 21.8788
CCQE ConeAngle = 26.0583
Cosmic ConeAngle = 15.8404
CCRes ConeAngle = 11.1471
Cosmic ConeAngle = 22.2939
Event = 200
Event = 210
Event = 220
Cosmic ConeAngle = 23.1008
CCDIS ConeAngle = 24.3281
Event = 230
Cosmic ConeAngle = 24.6888
CCRes ConeAngle = 12.1589
CCQE ConeAngle = 12.2323
Event = 240
Cosmic ConeAngle = 14.1774
CCRes ConeAngle = 16.6661
Cosmic ConeAngle = 11.2575
CCRes ConeAngle = 9.40975
Event = 250
Cosmic ConeAngle = 31.616
CCQE ConeAngle = 13.9588
Event = 260
Cosmic ConeAngle = 16.2257
Exactly 2 Cosmic ConeAngle = 16.2257
CCDIS ConeAngle = 24.3377
Exactly 2 CCDIS ConeAngle = 24.3377
Event = 270
Cosmic ConeAngle = 6.29796
CCQE ConeAngle = 32.1091
Event = 280
Cosmic ConeAngle = 17.9984
Exactly 2 Cosmic ConeAngle = 17.9984
CCQE ConeAngle = 26.8374
Exactly 2 CCQE ConeAngle = 26.8374
Event = 290
CCRes ConeAngle = 12.9906
Event = 300
Cosmic ConeAngle = 8.43095
Exactly 2 Cosmic ConeAngle = 8.43095
CCQE ConeAngle = 20.2589
Exactly 2 CCQE ConeAngle = 20.2589
Cosmic ConeAngle = 24.2134
CCQE ConeAngle = 33.3285
Cosmic ConeAngle = 7.79401
Event = 310
CCQE ConeAngle = 29.3559
Cosmic ConeAngle = 15.0869
CCRes ConeAngle = 13.9708
Cosmic ConeAngle = 29.0383
CCDIS ConeAngle = 10.6688
Event = 320
Cosmic ConeAngle = 8.87505
CCRes ConeAngle = 15.1376
Cosmic ConeAngle = 17.7842
Cosmic ConeAngle = 20.2955
Cosmic ConeAngle = 14.5675
Exactly 2 Cosmic ConeAngle = 14.5675
CCQE ConeAngle = 37.7776
Exactly 2 CCQE ConeAngle = 37.7776
Event = 330
Cosmic ConeAngle = 22.4706
CCQE ConeAngle = 28.6595
Cosmic ConeAngle = 26.5416
Exactly 2 Cosmic ConeAngle = 26.5416
CCRes ConeAngle = 30.7152
Exactly 2 CCRes ConeAngle = 30.7152
Cosmic ConeAngle = 6.66391
Exactly 2 Cosmic ConeAngle = 6.66391
Cosmic ConeAngle = 14.9193
Exactly 2 Cosmic ConeAngle = 14.9193
CCQE ConeAngle = 13.7352
Exactly 2 CCQE ConeAngle = 13.7352
Cosmic ConeAngle = 19.3276
Exactly 2 Cosmic ConeAngle = 19.3276
Cosmic ConeAngle = 38.0591
CCRes ConeAngle = 19.2855
Event = 340
Cosmic ConeAngle = 11.4922
NCRes ConeAngle = 22.541
Cosmic ConeAngle = 7.81489
Exactly 2 Cosmic ConeAngle = 7.81489
Event = 350
Cosmic ConeAngle = 4.90195
CCQE ConeAngle = 22.2088
Exactly 2 CCQE ConeAngle = 22.2088
Cosmic ConeAngle = 5.04708
Exactly 2 Cosmic ConeAngle = 5.04708
NCRes ConeAngle = 18.6936
Exactly 2 NCRes ConeAngle = 18.6936
Cosmic ConeAngle = 30.3768
Cosmic ConeAngle = 33.7844
Event = 360
Cosmic ConeAngle = 13.4347
Exactly 2 Cosmic ConeAngle = 13.4347
Cosmic ConeAngle = 6.03414
CCQE ConeAngle = 6.16766
Cosmic ConeAngle = 14.1434
Cosmic ConeAngle = 3.62094
CCRes ConeAngle = 22.6219
Cosmic ConeAngle = 9.71949
Exactly 2 Cosmic ConeAngle = 9.71949
Event = 370
Cosmic ConeAngle = 27.6494
Exactly 2 Cosmic ConeAngle = 27.6494
CCQE ConeAngle = 28.5788
Exactly 2 CCQE ConeAngle = 28.5788
Cosmic ConeAngle = 32.9158
Cosmic ConeAngle = 20.5064
Exactly 2 Cosmic ConeAngle = 20.5064
Event = 380
Cosmic ConeAngle = 0.551916
NCRes ConeAngle = 20.0565
Cosmic ConeAngle = 13.1192
CCQE ConeAngle = 13.8857
Cosmic ConeAngle = 17.8287
NCRes ConeAngle = 33.1617
Event = 390
Cosmic ConeAngle = 3.71464
Exactly 2 Cosmic ConeAngle = 3.71464
Cosmic ConeAngle = 3.66789
Exactly 2 Cosmic ConeAngle = 3.66789
Event = 400
Cosmic ConeAngle = 39.0718
Cosmic ConeAngle = 12.9956
Exactly 2 Cosmic ConeAngle = 12.9956
Event = 410
Cosmic ConeAngle = 3.90995
Exactly 2 Cosmic ConeAngle = 3.90995
Cosmic ConeAngle = 24.2638
Cosmic ConeAngle = 4.67505
CCRes ConeAngle = 5.93248
Cosmic ConeAngle = 21.3362
Cosmic ConeAngle = 26.7031
NCRes ConeAngle = 17.6278
Event = 420
CCDIS ConeAngle = 7.1045
Cosmic ConeAngle = 10.1318
Exactly 2 Cosmic ConeAngle = 10.1318
CCQE ConeAngle = 34.3051
Exactly 2 CCQE ConeAngle = 34.3051
Cosmic ConeAngle = 14.1385
Cosmic ConeAngle = 3.16095
Event = 430
Cosmic ConeAngle = 3.73869
Cosmic ConeAngle = 24.1239
CCRes ConeAngle = 5.32794
Cosmic ConeAngle = 9.69754
Event = 440
CCQE ConeAngle = 15.7707
Exactly 2 CCQE ConeAngle = 15.7707
Cosmic ConeAngle = 11.4286
CCRes ConeAngle = 17.8962
Event = 450
Cosmic ConeAngle = 20.7405
Exactly 2 Cosmic ConeAngle = 20.7405
CCQE ConeAngle = 19.3397
Exactly 2 CCQE ConeAngle = 19.3397
Cosmic ConeAngle = 11.0064
Exactly 2 Cosmic ConeAngle = 11.0064
CCQE ConeAngle = 35.438
Exactly 2 CCQE ConeAngle = 35.438
Cosmic ConeAngle = 27.6144
CCQE ConeAngle = 23.6136
Cosmic ConeAngle = 4.76687
Event = 460
CCQE ConeAngle = 15.3083
Exactly 2 CCQE ConeAngle = 15.3083
Cosmic ConeAngle = 22.7933
NCRes ConeAngle = 25.2357
NCRes ConeAngle = 22.2448
Cosmic ConeAngle = 35.5559
CCRes ConeAngle = 26.7229
Event = 470
Cosmic ConeAngle = 6.35071
CCQE ConeAngle = 31.9244
Cosmic ConeAngle = 13.0269
Exactly 2 Cosmic ConeAngle = 13.0269
Event = 480
Cosmic ConeAngle = 20.4178
NCDIS ConeAngle = 5.66383
Cosmic ConeAngle = 37.6053
Exactly 2 Cosmic ConeAngle = 37.6053
NCRes ConeAngle = 15.2292
Exactly 2 NCRes ConeAngle = 15.2292
Cosmic ConeAngle = 0.723492
Exactly 2 Cosmic ConeAngle = 0.723492
Event = 490
CCQE ConeAngle = 6.4273
Event = 500
CCRes ConeAngle = 16.583
CCRes ConeAngle = 15.4522
Event = 510
Cosmic ConeAngle = 4.58876
CCQE ConeAngle = 3.20607
Cosmic ConeAngle = 19.2491
Exactly 2 Cosmic ConeAngle = 19.2491
NCRes ConeAngle = 10.7161
Exactly 2 NCRes ConeAngle = 10.7161
Cosmic ConeAngle = 3.29542
Cosmic ConeAngle = 21.3073
CCRes ConeAngle = 12.4085
Event = 520
Cosmic ConeAngle = 14.978
CCQE ConeAngle = 8.56655
NCRes ConeAngle = 24.6004
Exactly 2 NCRes ConeAngle = 24.6004
Cosmic ConeAngle = 4.53414
Cosmic ConeAngle = 25.6155
Exactly 2 Cosmic ConeAngle = 25.6155
Event = 530
Cosmic ConeAngle = 8.2072
CCQE ConeAngle = 12.0656
Cosmic ConeAngle = 17.2787
CCDIS ConeAngle = 26.1018
Cosmic ConeAngle = 36.3415
CCRes ConeAngle = 5.67776
Cosmic ConeAngle = 2.73977
CCRes ConeAngle = 8.2906
Event = 540
Cosmic ConeAngle = 15.2213
CCQE ConeAngle = 10.9162
Cosmic ConeAngle = 7.3162
Exactly 2 Cosmic ConeAngle = 7.3162
Cosmic ConeAngle = 10.7192
CCQE ConeAngle = 3.699
Cosmic ConeAngle = 13.6626
Cosmic ConeAngle = 11.6261
NCRes ConeAngle = 32.7309
Event = 550
Event = 560
Cosmic ConeAngle = 7.43553
Exactly 2 Cosmic ConeAngle = 7.43553
CCQE ConeAngle = 30.2104
Exactly 2 CCQE ConeAngle = 30.2104
Cosmic ConeAngle = 1.14788
Event = 570
CCDIS ConeAngle = 12.1943
Cosmic ConeAngle = 31.4695
Exactly 2 Cosmic ConeAngle = 31.4695
CCQE ConeAngle = 37.1052
Exactly 2 CCQE ConeAngle = 37.1052
Event = 580
CCQE ConeAngle = 30.4865
Exactly 2 CCQE ConeAngle = 30.4865
Cosmic ConeAngle = 20.1448
Exactly 2 Cosmic ConeAngle = 20.1448
CCRes ConeAngle = 37.0732
Exactly 2 CCRes ConeAngle = 37.0732
Cosmic ConeAngle = 33.3038
Cosmic ConeAngle = 34.2095
Exactly 2 Cosmic ConeAngle = 34.2095
Cosmic ConeAngle = 34.0989
Exactly 2 Cosmic ConeAngle = 34.0989
CCQE ConeAngle = 25.2302
Exactly 2 CCQE ConeAngle = 25.2302
Event = 590
Cosmic ConeAngle = 22.651
CCRes ConeAngle = 13.4516
Cosmic ConeAngle = 17.7805
CCRes ConeAngle = 17.1072
CCQE ConeAngle = 8.40895
Exactly 2 CCQE ConeAngle = 8.40895
Event = 600
CCRes ConeAngle = 0.427751
Event = 610
Cosmic ConeAngle = 13.176
Exactly 2 Cosmic ConeAngle = 13.176
Event = 620
Cosmic ConeAngle = 1.08341
Exactly 2 Cosmic ConeAngle = 1.08341
Cosmic ConeAngle = 19.0449
Exactly 2 Cosmic ConeAngle = 19.0449
CCRes ConeAngle = 10.6749
Exactly 2 CCRes ConeAngle = 10.6749
Event = 630
Cosmic ConeAngle = 20.8883
NCRes ConeAngle = 10.0897
Event = 640
Cosmic ConeAngle = 12.7939
Exactly 2 Cosmic ConeAngle = 12.7939
CCQE ConeAngle = 14.5392
Exactly 2 CCQE ConeAngle = 14.5392
Event = 650
Cosmic ConeAngle = 31.2775
Cosmic ConeAngle = 8.58802
CCQE ConeAngle = 38.6351
CCQE ConeAngle = 6.1127
Exactly 2 CCQE ConeAngle = 6.1127
Cosmic ConeAngle = 29.5025
CCRes ConeAngle = 10.3056
Event = 660
Cosmic ConeAngle = 32.9581
CCQE ConeAngle = 8.97331
Cosmic ConeAngle = 9.69837
CCQE ConeAngle = 35.3084
Cosmic ConeAngle = 11.5678
Exactly 2 Cosmic ConeAngle = 11.5678
CCQE ConeAngle = 29.1824
Exactly 2 CCQE ConeAngle = 29.1824
Event = 670
Cosmic ConeAngle = 6.38352
CCRes ConeAngle = 20.5372
Event = 680
Cosmic ConeAngle = 6.55044
Exactly 2 Cosmic ConeAngle = 6.55044
Event = 690
Cosmic ConeAngle = 6.96332
Cosmic ConeAngle = 27.3554
Exactly 2 Cosmic ConeAngle = 27.3554
CCQE ConeAngle = 19.5745
Exactly 2 CCQE ConeAngle = 19.5745
Event = 700
Cosmic ConeAngle = 2.86659
Cosmic ConeAngle = 34.9314
Exactly 2 Cosmic ConeAngle = 34.9314
Cosmic ConeAngle = 23.1507
NCRes ConeAngle = 12.1414
Event = 710
Cosmic ConeAngle = 14.5824
Exactly 2 Cosmic ConeAngle = 14.5824
CCQE ConeAngle = 21.7411
Exactly 2 CCQE ConeAngle = 21.7411
CCQE ConeAngle = 26.3433
Cosmic ConeAngle = 1.54365
CCQE ConeAngle = 20.671
Cosmic ConeAngle = 3.96172
Exactly 2 Cosmic ConeAngle = 3.96172
Cosmic ConeAngle = 11.5439
CCQE ConeAngle = 24.7437
Event = 720
NCDIS ConeAngle = 13.6657
Cosmic ConeAngle = 10.1307
Cosmic ConeAngle = 27.0692
Event = 730
Cosmic ConeAngle = 5.24629
Exactly 2 Cosmic ConeAngle = 5.24629
Cosmic ConeAngle = 24.4076
CCQE ConeAngle = 2.48019
Cosmic ConeAngle = 3.83785
Exactly 2 Cosmic ConeAngle = 3.83785
CCQE ConeAngle = 22.0638
Exactly 2 CCQE ConeAngle = 22.0638
Cosmic ConeAngle = 0.578276
CCQE ConeAngle = 8.20779
Event = 740
Cosmic ConeAngle = 22.9049
Cosmic ConeAngle = 18.9137
Exactly 2 Cosmic ConeAngle = 18.9137
NCRes ConeAngle = 11.063
Exactly 2 NCRes ConeAngle = 11.063
Event = 750
CCRes ConeAngle = 4.63909
Cosmic ConeAngle = 7.19205
CCQE ConeAngle = 23.395
Cosmic ConeAngle = 33.02
CCQE ConeAngle = 29.8249
Event = 760
Cosmic ConeAngle = 25.5382
Cosmic ConeAngle = 3.14604
Exactly 2 Cosmic ConeAngle = 3.14604
NCRes ConeAngle = 2.70416
Exactly 2 NCRes ConeAngle = 2.70416
Event = 770
Cosmic ConeAngle = 31.2264
CCRes ConeAngle = 6.94765
Cosmic ConeAngle = 28.9608
Exactly 2 Cosmic ConeAngle = 28.9608
CCQE ConeAngle = 26.4018
Exactly 2 CCQE ConeAngle = 26.4018
Cosmic ConeAngle = 8.76553
Exactly 2 Cosmic ConeAngle = 8.76553
Event = 780
Cosmic ConeAngle = 16.6142
Exactly 2 Cosmic ConeAngle = 16.6142
CCRes ConeAngle = 8.12783
Cosmic ConeAngle = 27.1043
Exactly 2 Cosmic ConeAngle = 27.1043
CCQE ConeAngle = 22.4497
Exactly 2 CCQE ConeAngle = 22.4497
Cosmic ConeAngle = 4.87808
CCRes ConeAngle = 14.3868
Event = 790
CCRes ConeAngle = 24.7911
Cosmic ConeAngle = 28.0787
Exactly 2 Cosmic ConeAngle = 28.0787
Cosmic ConeAngle = 35.8447
Event = 800
Cosmic ConeAngle = 27.9111
Exactly 2 Cosmic ConeAngle = 27.9111
Event = 810
Cosmic ConeAngle = 4.44973
CCRes ConeAngle = 2.82197
Cosmic ConeAngle = 17.4587
CCDIS ConeAngle = 8.007
Cosmic ConeAngle = 19.0361
Event = 820
Cosmic ConeAngle = 33.0708
Exactly 2 Cosmic ConeAngle = 33.0708
Event = 830
Cosmic ConeAngle = 23.4212
NCRes ConeAngle = 23.7301
Cosmic ConeAngle = 23.2476
CCQE ConeAngle = 13.1714
Cosmic ConeAngle = 26.1951
Exactly 2 Cosmic ConeAngle = 26.1951
Cosmic ConeAngle = 4.16691
Exactly 2 Cosmic ConeAngle = 4.16691
CCQE ConeAngle = 31.3906
Exactly 2 CCQE ConeAngle = 31.3906
Event = 840
Cosmic ConeAngle = 13.9313
Exactly 2 Cosmic ConeAngle = 13.9313
Cosmic ConeAngle = 32.0494
CCRes ConeAngle = 4.79949
CCQE ConeAngle = 25.5956
Exactly 2 CCQE ConeAngle = 25.5956
Cosmic ConeAngle = 9.79214
Event = 850
Cosmic ConeAngle = 11.6347
Cosmic ConeAngle = 36.2059
CCRes ConeAngle = 22.6088
Event = 860
CCQE ConeAngle = 32.9901
CCQE ConeAngle = 23.5374
Exactly 2 CCQE ConeAngle = 23.5374
Cosmic ConeAngle = 19.6974
Event = 870
Cosmic ConeAngle = 24.3008
CCRes ConeAngle = 20.6355
